#
# There is insufficient memory for the Java Runtime Environment to continue.
# Native memory allocation (mmap) failed to map 27262976 bytes for Failed to commit area from 0x0000000087e00000 to 0x0000000089800000 of length 27262976.
# Possible reasons:
#   The system is out of physical RAM or swap space
#   The process is running with CompressedOops enabled, and the Java Heap may be blocking the growth of the native heap
# Possible solutions:
#   Reduce memory load on the system
#   Increase physical memory or swap space
#   Check if swap backing store is full
#   Decrease Java heap size (-Xmx/-Xms)
#   Decrease number of Java threads
#   Decrease Java thread stack sizes (-Xss)
#   Set larger code cache with -XX:ReservedCodeCacheSize=
#   JVM is running with Unscaled Compressed Oops mode in which the Java heap is
#     placed in the first 4GB address space. The Java Heap base address is the
#     maximum limit for the native heap growth. Please use -XX:HeapBaseMinAddress
#     to set the Java Heap base and to place the Java Heap above 4GB virtual address.
# This output file may be truncated or incomplete.
#
#  Out of Memory Error (src/hotspot/os/windows/os_windows.cpp:3627), pid=5408, tid=7260
#
# JRE version: OpenJDK Runtime Environment (11.0.15) (build 11.0.15+0-b2043.56-9505619)
# Java VM: OpenJDK 64-Bit Server VM (11.0.15+0-b2043.56-9505619, mixed mode, tiered, compressed oops, g1 gc, windows-amd64)
# No core dump will be written. Minidumps are not enabled by default on client versions of Windows
#

---------------  S U M M A R Y ------------

Command Line: --add-opens=java.base/java.util=ALL-UNNAMED --add-opens=java.base/java.lang=ALL-UNNAMED --add-opens=java.base/java.lang.invoke=ALL-UNNAMED --add-opens=java.base/java.util=ALL-UNNAMED --add-opens=java.prefs/java.util.prefs=ALL-UNNAMED --add-opens=java.prefs/java.util.prefs=ALL-UNNAMED --add-opens=java.base/java.nio.charset=ALL-UNNAMED --add-opens=java.base/java.net=ALL-UNNAMED --add-opens=java.base/java.util.concurrent.atomic=ALL-UNNAMED -Xmx2048m -Dfile.encoding=UTF-8 -Duser.country=CN -Duser.language=zh -Duser.variant org.gradle.launcher.daemon.bootstrap.GradleDaemon 7.5

Host: 11th Gen Intel(R) Core(TM) i5-11400 @ 2.60GHz, 12 cores, 7G,  Windows 10 , 64 bit Build 18362 (10.0.18362.1082)
Time: Tue Mar 12 14:08:34 2024 中国标准时间 elapsed time: 2.155685 seconds (0d 0h 0m 2s)

---------------  T H R E A D  ---------------

Current thread (0x0000025af26cd000):  VMThread "VM Thread" [stack: 0x0000006a15900000,0x0000006a15a00000] [id=7260]

Stack: [0x0000006a15900000,0x0000006a15a00000]
[error occurred during error reporting (printing stack bounds), id 0xc0000005, EXCEPTION_ACCESS_VIOLATION (0xc0000005) at pc=0x0000025adb8e12e7]

Native frames: (J=compiled Java code, j=interpreted, Vv=VM code, C=native code)
V  [jvm.dll+0x64135a]
V  [jvm.dll+0x7d39f9]
V  [jvm.dll+0x7d51b9]
V  [jvm.dll+0x7d5805]
V  [jvm.dll+0x7d57bb]
V  [jvm.dll+0x640655]
V  [jvm.dll+0x640d68]
C  [ntdll.dll+0xa11cf]
C  [ntdll.dll+0x6a209]
C  [ntdll.dll+0x9fe3e]
C  0x0000025adb8e12e7

VM_Operation (0x0000006a179f4b90): CollectForMetadataAllocation, mode: safepoint, requested by thread 0x0000025af482a800


---------------  P R O C E S S  ---------------

Threads class SMR info:
_java_thread_list=0x0000025af69f5df0, length=43, elements={
0x0000025ad7dcb800, 0x0000025af26d2000, 0x0000025af26d3800, 0x0000025af2f6d800,
0x0000025af2f71800, 0x0000025af2f72800, 0x0000025af2f73800, 0x0000025af2f77000,
0x0000025af2f7d000, 0x0000025af3103800, 0x0000025af5aa1800, 0x0000025af6595000,
0x0000025af47d6800, 0x0000025af4768000, 0x0000025af43cb000, 0x0000025af463a000,
0x0000025af482a800, 0x0000025af46be800, 0x0000025af46b0800, 0x0000025af5388800,
0x0000025af5387800, 0x0000025af5386000, 0x0000025af538a000, 0x0000025af5389000,
0x0000025af5384800, 0x0000025af5386800, 0x0000025af538b000, 0x0000025af5385000,
0x0000025af6658800, 0x0000025af665c800, 0x0000025af665c000, 0x0000025af6658000,
0x0000025af6659800, 0x0000025af665e800, 0x0000025af665d800, 0x0000025af665f000,
0x0000025af6660000, 0x0000025af665a000, 0x0000025af6661000, 0x0000025af665b000,
0x0000025af6665000, 0x0000025af6666800, 0x0000025af6664000
}

Java Threads: ( => current thread )
  0x0000025ad7dcb800 JavaThread "main" [_thread_blocked, id=3128, stack(0x0000006a15300000,0x0000006a15400000)]
  0x0000025af26d2000 JavaThread "Reference Handler" daemon [_thread_blocked, id=8972, stack(0x0000006a15a00000,0x0000006a15b00000)]
  0x0000025af26d3800 JavaThread "Finalizer" daemon [_thread_blocked, id=5268, stack(0x0000006a15b00000,0x0000006a15c00000)]
  0x0000025af2f6d800 JavaThread "Signal Dispatcher" daemon [_thread_blocked, id=5372, stack(0x0000006a15c00000,0x0000006a15d00000)]
  0x0000025af2f71800 JavaThread "Attach Listener" daemon [_thread_blocked, id=2308, stack(0x0000006a15d00000,0x0000006a15e00000)]
  0x0000025af2f72800 JavaThread "Service Thread" daemon [_thread_blocked, id=3388, stack(0x0000006a15e00000,0x0000006a15f00000)]
  0x0000025af2f73800 JavaThread "C2 CompilerThread0" daemon [_thread_in_native, id=7872, stack(0x0000006a15f00000,0x0000006a16000000)]
  0x0000025af2f77000 JavaThread "C1 CompilerThread0" daemon [_thread_blocked, id=8304, stack(0x0000006a16000000,0x0000006a16100000)]
  0x0000025af2f7d000 JavaThread "Sweeper thread" daemon [_thread_blocked, id=3248, stack(0x0000006a16100000,0x0000006a16200000)]
  0x0000025af3103800 JavaThread "Common-Cleaner" daemon [_thread_blocked, id=2924, stack(0x0000006a16200000,0x0000006a16300000)]
  0x0000025af5aa1800 JavaThread "Daemon health stats" [_thread_blocked, id=9708, stack(0x0000006a17300000,0x0000006a17400000)]
  0x0000025af6595000 JavaThread "Incoming local TCP Connector on port 50028" [_thread_in_native, id=396, stack(0x0000006a17400000,0x0000006a17500000)]
  0x0000025af47d6800 JavaThread "Daemon periodic checks" [_thread_blocked, id=868, stack(0x0000006a17500000,0x0000006a17600000)]
  0x0000025af4768000 JavaThread "Daemon" [_thread_blocked, id=2016, stack(0x0000006a17600000,0x0000006a17700000)]
  0x0000025af43cb000 JavaThread "Handler for socket connection from /127.0.0.1:50028 to /127.0.0.1:50029" [_thread_in_native, id=8728, stack(0x0000006a17700000,0x0000006a17800000)]
  0x0000025af463a000 JavaThread "Cancel handler" [_thread_blocked, id=5720, stack(0x0000006a17800000,0x0000006a17900000)]
  0x0000025af482a800 JavaThread "Daemon worker" [_thread_blocked, id=3792, stack(0x0000006a17900000,0x0000006a17a00000)]
  0x0000025af46be800 JavaThread "Asynchronous log dispatcher for DefaultDaemonConnection: socket connection from /127.0.0.1:50028 to /127.0.0.1:50029" [_thread_blocked, id=2328, stack(0x0000006a17a00000,0x0000006a17b00000)]
  0x0000025af46b0800 JavaThread "Stdin handler" [_thread_blocked, id=9580, stack(0x0000006a17b00000,0x0000006a17c00000)]
  0x0000025af5388800 JavaThread "Daemon client event forwarder" [_thread_blocked, id=1284, stack(0x0000006a17c00000,0x0000006a17d00000)]
  0x0000025af5387800 JavaThread "Cache worker for journal cache (C:\Users\Administrator\.gradle\caches\journal-1)" [_thread_blocked, id=2192, stack(0x0000006a18400000,0x0000006a18500000)]
  0x0000025af5386000 JavaThread "File lock request listener" [_thread_in_native, id=1704, stack(0x0000006a18500000,0x0000006a18600000)]
  0x0000025af538a000 JavaThread "Cache worker for file hash cache (C:\Users\Administrator\.gradle\caches\7.5\fileHashes)" [_thread_blocked, id=6352, stack(0x0000006a18800000,0x0000006a18900000)]
  0x0000025af5389000 JavaThread "File watcher server" daemon [_thread_in_native, id=2188, stack(0x0000006a18900000,0x0000006a18a00000)]
  0x0000025af5384800 JavaThread "File watcher consumer" daemon [_thread_blocked, id=3352, stack(0x0000006a18a00000,0x0000006a18b00000)]
  0x0000025af5386800 JavaThread "jar transforms" [_thread_blocked, id=5516, stack(0x0000006a18b00000,0x0000006a18c00000)]
  0x0000025af538b000 JavaThread "jar transforms Thread 2" [_thread_blocked, id=9848, stack(0x0000006a18c00000,0x0000006a18d00000)]
  0x0000025af5385000 JavaThread "jar transforms Thread 3" [_thread_blocked, id=5692, stack(0x0000006a18d00000,0x0000006a18e00000)]
  0x0000025af6658800 JavaThread "jar transforms Thread 4" [_thread_blocked, id=8384, stack(0x0000006a18e00000,0x0000006a18f00000)]
  0x0000025af665c800 JavaThread "jar transforms Thread 5" [_thread_blocked, id=1280, stack(0x0000006a18f00000,0x0000006a19000000)]
  0x0000025af665c000 JavaThread "jar transforms Thread 6" [_thread_blocked, id=3576, stack(0x0000006a19000000,0x0000006a19100000)]
  0x0000025af6658000 JavaThread "jar transforms Thread 7" [_thread_blocked, id=620, stack(0x0000006a19100000,0x0000006a19200000)]
  0x0000025af6659800 JavaThread "jar transforms Thread 8" [_thread_blocked, id=8940, stack(0x0000006a19200000,0x0000006a19300000)]
  0x0000025af665e800 JavaThread "jar transforms Thread 9" [_thread_blocked, id=288, stack(0x0000006a19300000,0x0000006a19400000)]
  0x0000025af665d800 JavaThread "jar transforms Thread 10" [_thread_blocked, id=6648, stack(0x0000006a19400000,0x0000006a19500000)]
  0x0000025af665f000 JavaThread "jar transforms Thread 11" [_thread_blocked, id=9288, stack(0x0000006a19500000,0x0000006a19600000)]
  0x0000025af6660000 JavaThread "jar transforms Thread 12" [_thread_blocked, id=5108, stack(0x0000006a19600000,0x0000006a19700000)]
  0x0000025af665a000 JavaThread "Cache worker for checksums cache (D:\AndroidStudioProjects\MyStore\.gradle\7.5\checksums)" [_thread_blocked, id=7880, stack(0x0000006a19700000,0x0000006a19800000)]
  0x0000025af6661000 JavaThread "Cache worker for cache directory md-rule (C:\Users\Administrator\.gradle\caches\7.5\md-rule)" [_thread_blocked, id=2476, stack(0x0000006a19800000,0x0000006a19900000)]
  0x0000025af665b000 JavaThread "Cache worker for file content cache (C:\Users\Administrator\.gradle\caches\7.5\fileContent)" [_thread_blocked, id=8364, stack(0x0000006a19900000,0x0000006a19a00000)]
  0x0000025af6665000 JavaThread "Cache worker for file hash cache (D:\AndroidStudioProjects\MyStore\.gradle\7.5\fileHashes)" [_thread_blocked, id=4928, stack(0x0000006a19a00000,0x0000006a19b00000)]
  0x0000025af6666800 JavaThread "Cache worker for cache directory md-supplier (C:\Users\Administrator\.gradle\caches\7.5\md-supplier)" [_thread_blocked, id=6908, stack(0x0000006a19b00000,0x0000006a19c00000)]
  0x0000025af6664000 JavaThread "Cache worker for execution history cache (C:\Users\Administrator\.gradle\caches\7.5\executionHistory)" [_thread_blocked, id=1940, stack(0x0000006a19c00000,0x0000006a19d00000)]

Other Threads:
=>0x0000025af26cd000 VMThread "VM Thread" [stack: 0x0000006a15900000,0x0000006a15a00000] [id=7260]
  0x0000025af310c800 WatcherThread [stack: 0x0000006a16300000,0x0000006a16400000] [id=1220]
  0x0000025ad7de5800 GCTaskThread "GC Thread#0" [stack: 0x0000006a15400000,0x0000006a15500000] [id=5036]
  0x0000025af3bf4800 GCTaskThread "GC Thread#1" [stack: 0x0000006a17100000,0x0000006a17200000] [id=7408]
  0x0000025af3b3c800 GCTaskThread "GC Thread#2" [stack: 0x0000006a17200000,0x0000006a17300000] [id=7412]
  0x0000025af45c3800 GCTaskThread "GC Thread#3" [stack: 0x0000006a17d00000,0x0000006a17e00000] [id=5652]
  0x0000025af4a27800 GCTaskThread "GC Thread#4" [stack: 0x0000006a17e00000,0x0000006a17f00000] [id=2972]
  0x0000025af39f5800 GCTaskThread "GC Thread#5" [stack: 0x0000006a17f00000,0x0000006a18000000] [id=7376]
  0x0000025af4099800 GCTaskThread "GC Thread#6" [stack: 0x0000006a18000000,0x0000006a18100000] [id=7384]
  0x0000025af50cd000 GCTaskThread "GC Thread#7" [stack: 0x0000006a18100000,0x0000006a18200000] [id=7064]
  0x0000025af452b800 GCTaskThread "GC Thread#8" [stack: 0x0000006a18200000,0x0000006a18300000] [id=8700]
  0x0000025af653e000 GCTaskThread "GC Thread#9" [stack: 0x0000006a18300000,0x0000006a18400000] [id=3776]
  0x0000025ad7e16000 ConcurrentGCThread "G1 Main Marker" [stack: 0x0000006a15500000,0x0000006a15600000] [id=5832]
  0x0000025ad7e17000 ConcurrentGCThread "G1 Conc#0" [stack: 0x0000006a15600000,0x0000006a15700000] [id=1496]
  0x0000025af6539800 ConcurrentGCThread "G1 Conc#1" [stack: 0x0000006a18600000,0x0000006a18700000] [id=7356]
  0x0000025af653a800 ConcurrentGCThread "G1 Conc#2" [stack: 0x0000006a18700000,0x0000006a18800000] [id=9644]
  0x0000025af2539800 ConcurrentGCThread "G1 Refine#0" [stack: 0x0000006a15700000,0x0000006a15800000] [id=7304]
  0x0000025af253a800 ConcurrentGCThread "G1 Young RemSet Sampling" [stack: 0x0000006a15800000,0x0000006a15900000] [id=4056]

Threads with active compile tasks:
C2 CompilerThread0     2164 2533   !   4       java.net.URLClassLoader$1::run (81 bytes)

VM state:at safepoint (normal execution)

VM Mutex/Monitor currently owned by a thread:  ([mutex/lock_event])
[0x0000025ad7dc7d90] Threads_lock - owner thread: 0x0000025af26cd000
[0x0000025ad7dc79a0] Heap_lock - owner thread: 0x0000025af482a800

Heap address: 0x0000000080000000, size: 2048 MB, Compressed Oops mode: 32-bit
Narrow klass base: 0x0000000000000000, Narrow klass shift: 3
Compressed class space size: 1073741824 Address: 0x0000000100000000

Heap:
 garbage-first heap   total 155648K, used 54504K [0x0000000080000000, 0x0000000100000000)
  region size 1024K, 2 young (2048K), 2 survivors (2048K)
 Metaspace       used 34760K, capacity 35865K, committed 35920K, reserved 1081344K
  class space    used 4671K, capacity 5085K, committed 5120K, reserved 1048576K
Heap Regions: E=young(eden), S=young(survivor), O=old, HS=humongous(starts), HC=humongous(continues), CS=collection set, F=free, A=archive, TAMS=top-at-mark-start (previous, next)
|   0|0x0000000080000000, 0x0000000080100000, 0x0000000080100000|100%| O|  |TAMS 0x0000000080100000, 0x0000000080100000| Untracked 
|   1|0x0000000080100000, 0x0000000080200000, 0x0000000080200000|100%| O|  |TAMS 0x0000000080200000, 0x0000000080200000| Untracked 
|   2|0x0000000080200000, 0x0000000080300000, 0x0000000080300000|100%| O|  |TAMS 0x0000000080300000, 0x0000000080300000| Untracked 
|   3|0x0000000080300000, 0x0000000080400000, 0x0000000080400000|100%|HS|  |TAMS 0x0000000080400000, 0x0000000080400000| Complete 
|   4|0x0000000080400000, 0x0000000080500000, 0x0000000080500000|100%|HC|  |TAMS 0x0000000080500000, 0x0000000080500000| Complete 
|   5|0x0000000080500000, 0x0000000080600000, 0x0000000080600000|100%|HC|  |TAMS 0x0000000080600000, 0x0000000080600000| Complete 
|   6|0x0000000080600000, 0x0000000080700000, 0x0000000080700000|100%| O|  |TAMS 0x0000000080700000, 0x0000000080700000| Untracked 
|   7|0x0000000080700000, 0x0000000080800000, 0x0000000080800000|100%| O|  |TAMS 0x0000000080800000, 0x0000000080800000| Untracked 
|   8|0x0000000080800000, 0x0000000080900000, 0x0000000080900000|100%| O|  |TAMS 0x0000000080900000, 0x0000000080900000| Untracked 
|   9|0x0000000080900000, 0x0000000080a00000, 0x0000000080a00000|100%| O|  |TAMS 0x0000000080a00000, 0x0000000080a00000| Untracked 
|  10|0x0000000080a00000, 0x0000000080b00000, 0x0000000080b00000|100%| O|  |TAMS 0x0000000080b00000, 0x0000000080b00000| Untracked 
|  11|0x0000000080b00000, 0x0000000080c00000, 0x0000000080c00000|100%| O|  |TAMS 0x0000000080c00000, 0x0000000080c00000| Untracked 
|  12|0x0000000080c00000, 0x0000000080d00000, 0x0000000080d00000|100%| O|  |TAMS 0x0000000080d00000, 0x0000000080d00000| Untracked 
|  13|0x0000000080d00000, 0x0000000080e00000, 0x0000000080e00000|100%| O|  |TAMS 0x0000000080e00000, 0x0000000080e00000| Untracked 
|  14|0x0000000080e00000, 0x0000000080f00000, 0x0000000080f00000|100%| O|  |TAMS 0x0000000080f00000, 0x0000000080f00000| Untracked 
|  15|0x0000000080f00000, 0x0000000081000000, 0x0000000081000000|100%| O|  |TAMS 0x0000000080fecc00, 0x0000000081000000| Untracked 
|  16|0x0000000081000000, 0x0000000081100000, 0x0000000081100000|100%|HS|  |TAMS 0x0000000081000000, 0x0000000081100000| Complete 
|  17|0x0000000081100000, 0x0000000081200000, 0x0000000081200000|100%|HC|  |TAMS 0x0000000081100000, 0x0000000081200000| Complete 
|  18|0x0000000081200000, 0x0000000081300000, 0x0000000081300000|100%|HS|  |TAMS 0x0000000081200000, 0x0000000081300000| Complete 
|  19|0x0000000081300000, 0x0000000081400000, 0x0000000081400000|100%|HC|  |TAMS 0x0000000081300000, 0x0000000081400000| Complete 
|  20|0x0000000081400000, 0x0000000081500000, 0x0000000081500000|100%|HC|  |TAMS 0x0000000081400000, 0x0000000081500000| Complete 
|  21|0x0000000081500000, 0x0000000081600000, 0x0000000081600000|100%|HS|  |TAMS 0x0000000081500000, 0x0000000081600000| Complete 
|  22|0x0000000081600000, 0x0000000081700000, 0x0000000081700000|100%|HC|  |TAMS 0x0000000081600000, 0x0000000081700000| Complete 
|  23|0x0000000081700000, 0x0000000081800000, 0x0000000081800000|100%|HC|  |TAMS 0x0000000081700000, 0x0000000081800000| Complete 
|  24|0x0000000081800000, 0x0000000081900000, 0x0000000081900000|100%|HC|  |TAMS 0x0000000081800000, 0x0000000081900000| Complete 
|  25|0x0000000081900000, 0x0000000081a00000, 0x0000000081a00000|100%|HC|  |TAMS 0x0000000081900000, 0x0000000081a00000| Complete 
|  26|0x0000000081a00000, 0x0000000081b00000, 0x0000000081b00000|100%|HS|  |TAMS 0x0000000081a00000, 0x0000000081b00000| Complete 
|  27|0x0000000081b00000, 0x0000000081c00000, 0x0000000081c00000|100%|HC|  |TAMS 0x0000000081b00000, 0x0000000081c00000| Complete 
|  28|0x0000000081c00000, 0x0000000081d00000, 0x0000000081d00000|100%|HS|  |TAMS 0x0000000081c00000, 0x0000000081d00000| Complete 
|  29|0x0000000081d00000, 0x0000000081e00000, 0x0000000081e00000|100%|HC|  |TAMS 0x0000000081d00000, 0x0000000081e00000| Complete 
|  30|0x0000000081e00000, 0x0000000081f00000, 0x0000000081f00000|100%|HC|  |TAMS 0x0000000081e00000, 0x0000000081f00000| Complete 
|  31|0x0000000081f00000, 0x0000000082000000, 0x0000000082000000|100%|HS|  |TAMS 0x0000000081f00000, 0x0000000082000000| Complete 
|  32|0x0000000082000000, 0x0000000082100000, 0x0000000082100000|100%|HC|  |TAMS 0x0000000082000000, 0x0000000082100000| Complete 
|  33|0x0000000082100000, 0x0000000082200000, 0x0000000082200000|100%|HC|  |TAMS 0x0000000082100000, 0x0000000082200000| Complete 
|  34|0x0000000082200000, 0x0000000082300000, 0x0000000082300000|100%|HC|  |TAMS 0x0000000082200000, 0x0000000082300000| Complete 
|  35|0x0000000082300000, 0x0000000082400000, 0x0000000082400000|100%|HC|  |TAMS 0x0000000082300000, 0x0000000082400000| Complete 
|  36|0x0000000082400000, 0x0000000082500000, 0x0000000082500000|100%|HC|  |TAMS 0x0000000082400000, 0x0000000082500000| Complete 
|  37|0x0000000082500000, 0x0000000082600000, 0x0000000082600000|100%|HC|  |TAMS 0x0000000082500000, 0x0000000082600000| Complete 
|  38|0x0000000082600000, 0x0000000082700000, 0x0000000082700000|100%|HC|  |TAMS 0x0000000082600000, 0x0000000082700000| Complete 
|  39|0x0000000082700000, 0x0000000082800000, 0x0000000082800000|100%|HC|  |TAMS 0x0000000082700000, 0x0000000082800000| Complete 
|  40|0x0000000082800000, 0x0000000082900000, 0x0000000082900000|100%|HC|  |TAMS 0x0000000082800000, 0x0000000082900000| Complete 
|  41|0x0000000082900000, 0x0000000082a00000, 0x0000000082a00000|100%|HS|  |TAMS 0x0000000082900000, 0x0000000082a00000| Complete 
|  42|0x0000000082a00000, 0x0000000082b00000, 0x0000000082b00000|100%|HC|  |TAMS 0x0000000082a00000, 0x0000000082b00000| Complete 
|  43|0x0000000082b00000, 0x0000000082c00000, 0x0000000082c00000|100%| O|  |TAMS 0x0000000082b00000, 0x0000000082c00000| Untracked 
|  44|0x0000000082c00000, 0x0000000082d00000, 0x0000000082d00000|100%| O|  |TAMS 0x0000000082c00000, 0x0000000082d00000| Untracked 
|  45|0x0000000082d00000, 0x0000000082e00000, 0x0000000082e00000|100%| O|  |TAMS 0x0000000082d00000, 0x0000000082e00000| Untracked 
|  46|0x0000000082e00000, 0x0000000082f00000, 0x0000000082f00000|100%| O|  |TAMS 0x0000000082e00000, 0x0000000082f00000| Untracked 
|  47|0x0000000082f00000, 0x0000000083000000, 0x0000000083000000|100%| O|  |TAMS 0x0000000082f00000, 0x0000000083000000| Untracked 
|  48|0x0000000083000000, 0x0000000083100000, 0x0000000083100000|100%| O|  |TAMS 0x0000000083000000, 0x0000000083100000| Untracked 
|  49|0x0000000083100000, 0x0000000083200000, 0x0000000083200000|100%| O|  |TAMS 0x0000000083100000, 0x0000000083200000| Untracked 
|  50|0x0000000083200000, 0x0000000083300000, 0x0000000083300000|100%| O|  |TAMS 0x0000000083200000, 0x0000000083300000| Untracked 
|  51|0x0000000083300000, 0x0000000083363a00, 0x0000000083400000| 38%| O|  |TAMS 0x0000000083300000, 0x0000000083363a00| Untracked 
|  52|0x0000000083400000, 0x0000000083400000, 0x0000000083500000|  0%| F|  |TAMS 0x0000000083400000, 0x0000000083400000| Untracked 
|  53|0x0000000083500000, 0x0000000083500000, 0x0000000083600000|  0%| F|  |TAMS 0x0000000083500000, 0x0000000083500000| Untracked 
|  54|0x0000000083600000, 0x0000000083600000, 0x0000000083700000|  0%| F|  |TAMS 0x0000000083600000, 0x0000000083600000| Untracked 
|  55|0x0000000083700000, 0x0000000083700000, 0x0000000083800000|  0%| F|  |TAMS 0x0000000083700000, 0x0000000083700000| Untracked 
|  56|0x0000000083800000, 0x0000000083800000, 0x0000000083900000|  0%| F|  |TAMS 0x0000000083800000, 0x0000000083800000| Untracked 
|  57|0x0000000083900000, 0x0000000083900000, 0x0000000083a00000|  0%| F|  |TAMS 0x0000000083900000, 0x0000000083900000| Untracked 
|  58|0x0000000083a00000, 0x0000000083a00000, 0x0000000083b00000|  0%| F|  |TAMS 0x0000000083a00000, 0x0000000083a00000| Untracked 
|  59|0x0000000083b00000, 0x0000000083b00000, 0x0000000083c00000|  0%| F|  |TAMS 0x0000000083b00000, 0x0000000083b00000| Untracked 
|  60|0x0000000083c00000, 0x0000000083c00000, 0x0000000083d00000|  0%| F|  |TAMS 0x0000000083c00000, 0x0000000083c00000| Untracked 
|  61|0x0000000083d00000, 0x0000000083d00000, 0x0000000083e00000|  0%| F|  |TAMS 0x0000000083d00000, 0x0000000083d00000| Untracked 
|  62|0x0000000083e00000, 0x0000000083e00000, 0x0000000083f00000|  0%| F|  |TAMS 0x0000000083e00000, 0x0000000083e00000| Untracked 
|  63|0x0000000083f00000, 0x0000000083f00000, 0x0000000084000000|  0%| F|  |TAMS 0x0000000083f00000, 0x0000000083f00000| Untracked 
|  64|0x0000000084000000, 0x0000000084000000, 0x0000000084100000|  0%| F|  |TAMS 0x0000000084000000, 0x0000000084000000| Untracked 
|  65|0x0000000084100000, 0x0000000084100000, 0x0000000084200000|  0%| F|  |TAMS 0x0000000084100000, 0x0000000084100000| Untracked 
|  66|0x0000000084200000, 0x0000000084200000, 0x0000000084300000|  0%| F|  |TAMS 0x0000000084200000, 0x0000000084200000| Untracked 
|  67|0x0000000084300000, 0x0000000084300000, 0x0000000084400000|  0%| F|  |TAMS 0x0000000084300000, 0x0000000084300000| Untracked 
|  68|0x0000000084400000, 0x0000000084400000, 0x0000000084500000|  0%| F|  |TAMS 0x0000000084400000, 0x0000000084400000| Untracked 
|  69|0x0000000084500000, 0x0000000084500000, 0x0000000084600000|  0%| F|  |TAMS 0x0000000084500000, 0x0000000084500000| Untracked 
|  70|0x0000000084600000, 0x0000000084600000, 0x0000000084700000|  0%| F|  |TAMS 0x0000000084600000, 0x0000000084600000| Untracked 
|  71|0x0000000084700000, 0x0000000084700000, 0x0000000084800000|  0%| F|  |TAMS 0x0000000084700000, 0x0000000084700000| Untracked 
|  72|0x0000000084800000, 0x0000000084800000, 0x0000000084900000|  0%| F|  |TAMS 0x0000000084800000, 0x0000000084800000| Untracked 
|  73|0x0000000084900000, 0x0000000084900000, 0x0000000084a00000|  0%| F|  |TAMS 0x0000000084900000, 0x0000000084900000| Untracked 
|  74|0x0000000084a00000, 0x0000000084a00000, 0x0000000084b00000|  0%| F|  |TAMS 0x0000000084a00000, 0x0000000084a00000| Untracked 
|  75|0x0000000084b00000, 0x0000000084b00000, 0x0000000084c00000|  0%| F|  |TAMS 0x0000000084b00000, 0x0000000084b00000| Untracked 
|  76|0x0000000084c00000, 0x0000000084c00000, 0x0000000084d00000|  0%| F|  |TAMS 0x0000000084c00000, 0x0000000084c00000| Untracked 
|  77|0x0000000084d00000, 0x0000000084d00000, 0x0000000084e00000|  0%| F|  |TAMS 0x0000000084d00000, 0x0000000084d00000| Untracked 
|  78|0x0000000084e00000, 0x0000000084e00000, 0x0000000084f00000|  0%| F|  |TAMS 0x0000000084e00000, 0x0000000084e00000| Untracked 
|  79|0x0000000084f00000, 0x0000000084f00000, 0x0000000085000000|  0%| F|  |TAMS 0x0000000084f00000, 0x0000000084f00000| Untracked 
|  80|0x0000000085000000, 0x0000000085000000, 0x0000000085100000|  0%| F|  |TAMS 0x0000000085000000, 0x0000000085000000| Untracked 
|  81|0x0000000085100000, 0x0000000085100000, 0x0000000085200000|  0%| F|  |TAMS 0x0000000085100000, 0x0000000085100000| Untracked 
|  82|0x0000000085200000, 0x0000000085200000, 0x0000000085300000|  0%| F|  |TAMS 0x0000000085200000, 0x0000000085200000| Untracked 
|  83|0x0000000085300000, 0x0000000085300000, 0x0000000085400000|  0%| F|  |TAMS 0x0000000085300000, 0x0000000085300000| Untracked 
|  84|0x0000000085400000, 0x0000000085400000, 0x0000000085500000|  0%| F|  |TAMS 0x0000000085400000, 0x0000000085400000| Untracked 
|  85|0x0000000085500000, 0x0000000085500000, 0x0000000085600000|  0%| F|  |TAMS 0x0000000085500000, 0x0000000085500000| Untracked 
|  86|0x0000000085600000, 0x0000000085600000, 0x0000000085700000|  0%| F|  |TAMS 0x0000000085600000, 0x0000000085600000| Untracked 
|  87|0x0000000085700000, 0x0000000085700000, 0x0000000085800000|  0%| F|  |TAMS 0x0000000085700000, 0x0000000085700000| Untracked 
|  88|0x0000000085800000, 0x0000000085800000, 0x0000000085900000|  0%| F|  |TAMS 0x0000000085800000, 0x0000000085800000| Untracked 
|  89|0x0000000085900000, 0x0000000085900000, 0x0000000085a00000|  0%| F|  |TAMS 0x0000000085900000, 0x0000000085900000| Untracked 
|  90|0x0000000085a00000, 0x0000000085a00000, 0x0000000085b00000|  0%| F|  |TAMS 0x0000000085a00000, 0x0000000085a00000| Untracked 
|  91|0x0000000085b00000, 0x0000000085b00000, 0x0000000085c00000|  0%| F|  |TAMS 0x0000000085b00000, 0x0000000085b00000| Untracked 
|  92|0x0000000085c00000, 0x0000000085c00000, 0x0000000085d00000|  0%| F|  |TAMS 0x0000000085c00000, 0x0000000085c00000| Untracked 
|  93|0x0000000085d00000, 0x0000000085d00000, 0x0000000085e00000|  0%| F|  |TAMS 0x0000000085d00000, 0x0000000085d00000| Untracked 
|  94|0x0000000085e00000, 0x0000000085ed6830, 0x0000000085f00000| 83%| S|CS|TAMS 0x0000000085e00000, 0x0000000085e00000| Complete 
|  95|0x0000000085f00000, 0x0000000086000000, 0x0000000086000000|100%| S|CS|TAMS 0x0000000085f00000, 0x0000000085f00000| Complete 
|  96|0x0000000086000000, 0x0000000086000000, 0x0000000086100000|  0%| F|  |TAMS 0x0000000086000000, 0x0000000086000000| Untracked 
|  97|0x0000000086100000, 0x0000000086100000, 0x0000000086200000|  0%| F|  |TAMS 0x0000000086100000, 0x0000000086100000| Untracked 
|  98|0x0000000086200000, 0x0000000086200000, 0x0000000086300000|  0%| F|  |TAMS 0x0000000086200000, 0x0000000086200000| Untracked 
|  99|0x0000000086300000, 0x0000000086300000, 0x0000000086400000|  0%| F|  |TAMS 0x0000000086300000, 0x0000000086300000| Untracked 
| 100|0x0000000086400000, 0x0000000086400000, 0x0000000086500000|  0%| F|  |TAMS 0x0000000086400000, 0x0000000086400000| Untracked 
| 101|0x0000000086500000, 0x0000000086500000, 0x0000000086600000|  0%| F|  |TAMS 0x0000000086500000, 0x0000000086500000| Untracked 
| 102|0x0000000086600000, 0x0000000086600000, 0x0000000086700000|  0%| F|  |TAMS 0x0000000086600000, 0x0000000086600000| Untracked 
| 103|0x0000000086700000, 0x0000000086700000, 0x0000000086800000|  0%| F|  |TAMS 0x0000000086700000, 0x0000000086700000| Untracked 
| 104|0x0000000086800000, 0x0000000086800000, 0x0000000086900000|  0%| F|  |TAMS 0x0000000086800000, 0x0000000086800000| Untracked 
| 105|0x0000000086900000, 0x0000000086900000, 0x0000000086a00000|  0%| F|  |TAMS 0x0000000086900000, 0x0000000086900000| Untracked 
| 106|0x0000000086a00000, 0x0000000086a00000, 0x0000000086b00000|  0%| F|  |TAMS 0x0000000086a00000, 0x0000000086a00000| Untracked 
| 107|0x0000000086b00000, 0x0000000086b00000, 0x0000000086c00000|  0%| F|  |TAMS 0x0000000086b00000, 0x0000000086b00000| Untracked 
| 108|0x0000000086c00000, 0x0000000086c00000, 0x0000000086d00000|  0%| F|  |TAMS 0x0000000086c00000, 0x0000000086c00000| Untracked 
| 109|0x0000000086d00000, 0x0000000086d00000, 0x0000000086e00000|  0%| F|  |TAMS 0x0000000086d00000, 0x0000000086d00000| Untracked 
| 110|0x0000000086e00000, 0x0000000086e00000, 0x0000000086f00000|  0%| F|  |TAMS 0x0000000086e00000, 0x0000000086e00000| Untracked 
| 111|0x0000000086f00000, 0x0000000086f00000, 0x0000000087000000|  0%| F|  |TAMS 0x0000000086f00000, 0x0000000086f00000| Untracked 
| 112|0x0000000087000000, 0x0000000087000000, 0x0000000087100000|  0%| F|  |TAMS 0x0000000087000000, 0x0000000087000000| Untracked 
| 113|0x0000000087100000, 0x0000000087100000, 0x0000000087200000|  0%| F|  |TAMS 0x0000000087100000, 0x0000000087100000| Untracked 
| 114|0x0000000087200000, 0x0000000087200000, 0x0000000087300000|  0%| F|  |TAMS 0x0000000087200000, 0x0000000087200000| Untracked 
| 115|0x0000000087300000, 0x0000000087300000, 0x0000000087400000|  0%| F|  |TAMS 0x0000000087300000, 0x0000000087300000| Untracked 
| 116|0x0000000087400000, 0x0000000087400000, 0x0000000087500000|  0%| F|  |TAMS 0x0000000087400000, 0x0000000087400000| Untracked 
| 117|0x0000000087500000, 0x0000000087500000, 0x0000000087600000|  0%| F|  |TAMS 0x0000000087500000, 0x0000000087500000| Untracked 
| 118|0x0000000087600000, 0x0000000087600000, 0x0000000087700000|  0%| F|  |TAMS 0x0000000087600000, 0x0000000087600000| Untracked 
| 119|0x0000000087700000, 0x0000000087700000, 0x0000000087800000|  0%| F|  |TAMS 0x0000000087700000, 0x0000000087700000| Untracked 
| 120|0x0000000087800000, 0x0000000087800000, 0x0000000087900000|  0%| F|  |TAMS 0x0000000087800000, 0x0000000087800000| Untracked 
| 121|0x0000000087900000, 0x0000000087900000, 0x0000000087a00000|  0%| F|  |TAMS 0x0000000087900000, 0x0000000087900000| Untracked 
| 122|0x0000000087a00000, 0x0000000087a00000, 0x0000000087b00000|  0%| F|  |TAMS 0x0000000087a00000, 0x0000000087a00000| Untracked 
| 123|0x0000000087b00000, 0x0000000087b00000, 0x0000000087c00000|  0%| F|  |TAMS 0x0000000087b00000, 0x0000000087b00000| Untracked 
| 124|0x0000000087c00000, 0x0000000087c00000, 0x0000000087d00000|  0%| F|  |TAMS 0x0000000087c00000, 0x0000000087c00000| Untracked 
| 125|0x0000000087d00000, 0x0000000087d00000, 0x0000000087e00000|  0%| F|  |TAMS 0x0000000087d00000, 0x0000000087d00000| Untracked 

Card table byte_map: [0x0000025aeb230000,0x0000025aeb630000] _byte_map_base: 0x0000025aeae30000

Marking Bits (Prev, Next): (CMBitMap*) 0x0000025ad7e0d0e0, (CMBitMap*) 0x0000025ad7e0d0a8
 Prev Bits: [0x0000025aeda30000, 0x0000025aefa30000)
 Next Bits: [0x0000025aeba30000, 0x0000025aeda30000)

Polling page: 0x0000025ad5c40000

Metaspace:

Usage:
  Non-class:     30.06 MB capacity,    29.38 MB ( 98%) used,   599.32 KB (  2%) free+waste,    91.50 KB ( <1%) overhead. 
      Class:      4.97 MB capacity,     4.56 MB ( 92%) used,   367.32 KB (  7%) free+waste,    46.13 KB ( <1%) overhead. 
       Both:     35.02 MB capacity,    33.95 MB ( 97%) used,   966.64 KB (  3%) free+waste,   137.63 KB ( <1%) overhead. 

Virtual space:
  Non-class space:       32.00 MB reserved,      30.08 MB ( 94%) committed 
      Class space:        1.00 GB reserved,       5.00 MB ( <1%) committed 
             Both:        1.03 GB reserved,      35.08 MB (  3%) committed 

Chunk freelists:
   Non-Class:  0 bytes
       Class:  3.00 KB
        Both:  3.00 KB

MaxMetaspaceSize: 17179869184.00 GB
CompressedClassSpaceSize: 1.00 GB
Initial GC threshold: 20.80 MB
Current GC threshold: 35.08 MB
CDS: off

CodeHeap 'non-profiled nmethods': size=120000Kb used=1260Kb max_used=1260Kb free=118739Kb
 bounds [0x0000025ae33b0000, 0x0000025ae3620000, 0x0000025aea8e0000]
CodeHeap 'profiled nmethods': size=120000Kb used=6106Kb max_used=6106Kb free=113893Kb
 bounds [0x0000025adbe80000, 0x0000025adc480000, 0x0000025ae33b0000]
CodeHeap 'non-nmethods': size=5760Kb used=1246Kb max_used=1287Kb free=4513Kb
 bounds [0x0000025adb8e0000, 0x0000025adbb50000, 0x0000025adbe80000]
 total_blobs=3463 nmethods=2942 adapters=433
 compilation: enabled
              stopped_count=0, restarted_count=0
 full_count=0

Compilation events (20 events):
Event: 2.145 Thread 0x0000025af2f77000 2958       2       java.lang.ClassValue::match (21 bytes)
Event: 2.145 Thread 0x0000025af2f77000 nmethod 2958 0x0000025adc473990 code [0x0000025adc473b40, 0x0000025adc473c98]
Event: 2.145 Thread 0x0000025af2f77000 2960       2       org.codehaus.groovy.reflection.GeneratedMetaMethod::<init> (26 bytes)
Event: 2.145 Thread 0x0000025af2f77000 nmethod 2960 0x0000025adc473d10 code [0x0000025adc473ec0, 0x0000025adc474138]
Event: 2.145 Thread 0x0000025af2f77000 2962       2       org.codehaus.groovy.util.FastArray::add (71 bytes)
Event: 2.145 Thread 0x0000025af2f77000 nmethod 2962 0x0000025adc474210 code [0x0000025adc4743e0, 0x0000025adc4747a8]
Event: 2.145 Thread 0x0000025af2f77000 2963       2       java.lang.PublicMethods$MethodList::getMostSpecific (63 bytes)
Event: 2.145 Thread 0x0000025af2f77000 nmethod 2963 0x0000025adc474910 code [0x0000025adc474ae0, 0x0000025adc474ce8]
Event: 2.145 Thread 0x0000025af2f77000 2961       1       java.lang.ClassValue::version (5 bytes)
Event: 2.145 Thread 0x0000025af2f77000 nmethod 2961 0x0000025ae34eb010 code [0x0000025ae34eb1c0, 0x0000025ae34eb278]
Event: 2.145 Thread 0x0000025af2f77000 2964       2       org.codehaus.groovy.util.ManagedReference::<init> (40 bytes)
Event: 2.145 Thread 0x0000025af2f77000 nmethod 2964 0x0000025adc474e90 code [0x0000025adc475060, 0x0000025adc475298]
Event: 2.145 Thread 0x0000025af2f77000 2965       2       org.codehaus.groovy.util.ManagedReference::<init> (14 bytes)
Event: 2.146 Thread 0x0000025af2f77000 nmethod 2965 0x0000025adc475390 code [0x0000025adc475540, 0x0000025adc475668]
Event: 2.146 Thread 0x0000025af2f77000 2967       2       java.lang.PublicMethods::merge (81 bytes)
Event: 2.146 Thread 0x0000025af2f77000 nmethod 2967 0x0000025adc475790 code [0x0000025adc4759a0, 0x0000025adc475e28]
Event: 2.146 Thread 0x0000025af2f77000 2968       2       java.lang.PublicMethods$Key::<init> (24 bytes)
Event: 2.146 Thread 0x0000025af2f77000 nmethod 2968 0x0000025adc476110 code [0x0000025adc4762c0, 0x0000025adc4764d8]
Event: 2.146 Thread 0x0000025af2f77000 2966       2       java.util.concurrent.atomic.AtomicInteger::<init> (5 bytes)
Event: 2.146 Thread 0x0000025af2f77000 nmethod 2966 0x0000025adc476610 code [0x0000025adc4767c0, 0x0000025adc4768b8]

GC Heap History (11 events):
Event: 0.422 GC heap before
{Heap before GC invocations=0 (full 0):
 garbage-first heap   total 129024K, used 29696K [0x0000000080000000, 0x0000000100000000)
  region size 1024K, 24 young (24576K), 0 survivors (0K)
 Metaspace       used 10015K, capacity 10240K, committed 10368K, reserved 1058816K
  class space    used 1015K, capacity 1073K, committed 1152K, reserved 1048576K
}
Event: 0.425 GC heap after
{Heap after GC invocations=1 (full 0):
 garbage-first heap   total 129024K, used 9592K [0x0000000080000000, 0x0000000100000000)
  region size 1024K, 3 young (3072K), 3 survivors (3072K)
 Metaspace       used 10015K, capacity 10240K, committed 10368K, reserved 1058816K
  class space    used 1015K, capacity 1073K, committed 1152K, reserved 1048576K
}
Event: 1.055 GC heap before
{Heap before GC invocations=1 (full 0):
 garbage-first heap   total 129024K, used 83320K [0x0000000080000000, 0x0000000100000000)
  region size 1024K, 75 young (76800K), 3 survivors (3072K)
 Metaspace       used 18130K, capacity 18546K, committed 18688K, reserved 1064960K
  class space    used 2112K, capacity 2260K, committed 2304K, reserved 1048576K
}
Event: 1.060 GC heap after
{Heap after GC invocations=2 (full 0):
 garbage-first heap   total 129024K, used 16303K [0x0000000080000000, 0x0000000100000000)
  region size 1024K, 10 young (10240K), 10 survivors (10240K)
 Metaspace       used 18130K, capacity 18546K, committed 18688K, reserved 1064960K
  class space    used 2112K, capacity 2260K, committed 2304K, reserved 1048576K
}
Event: 1.194 GC heap before
{Heap before GC invocations=2 (full 0):
 garbage-first heap   total 129024K, used 35759K [0x0000000080000000, 0x0000000100000000)
  region size 1024K, 31 young (31744K), 10 survivors (10240K)
 Metaspace       used 20672K, capacity 21136K, committed 21296K, reserved 1069056K
  class space    used 2488K, capacity 2635K, committed 2688K, reserved 1048576K
}
Event: 1.198 GC heap after
{Heap after GC invocations=3 (full 0):
 garbage-first heap   total 129024K, used 17288K [0x0000000080000000, 0x0000000100000000)
  region size 1024K, 1 young (1024K), 1 survivors (1024K)
 Metaspace       used 20672K, capacity 21136K, committed 21296K, reserved 1069056K
  class space    used 2488K, capacity 2635K, committed 2688K, reserved 1048576K
}
Event: 1.523 GC heap before
{Heap before GC invocations=4 (full 0):
 garbage-first heap   total 129024K, used 73608K [0x0000000080000000, 0x0000000100000000)
  region size 1024K, 56 young (57344K), 1 survivors (1024K)
 Metaspace       used 26248K, capacity 26912K, committed 27184K, reserved 1073152K
  class space    used 3402K, capacity 3632K, committed 3712K, reserved 1048576K
}
Event: 1.525 GC heap after
{Heap after GC invocations=5 (full 0):
 garbage-first heap   total 129024K, used 19133K [0x0000000080000000, 0x0000000100000000)
  region size 1024K, 3 young (3072K), 3 survivors (3072K)
 Metaspace       used 26248K, capacity 26912K, committed 27184K, reserved 1073152K
  class space    used 3402K, capacity 3632K, committed 3712K, reserved 1048576K
}
Event: 1.904 GC heap before
{Heap before GC invocations=5 (full 0):
 garbage-first heap   total 129024K, used 107197K [0x0000000080000000, 0x0000000100000000)
  region size 1024K, 63 young (64512K), 3 survivors (3072K)
 Metaspace       used 30948K, capacity 31927K, committed 32048K, reserved 1077248K
  class space    used 4135K, capacity 4476K, committed 4480K, reserved 1048576K
}
Event: 1.908 GC heap after
{Heap after GC invocations=6 (full 0):
 garbage-first heap   total 129024K, used 52931K [0x0000000080000000, 0x0000000100000000)
  region size 1024K, 8 young (8192K), 8 survivors (8192K)
 Metaspace       used 30948K, capacity 31927K, committed 32048K, reserved 1077248K
  class space    used 4135K, capacity 4476K, committed 4480K, reserved 1048576K
}
Event: 2.147 GC heap before
{Heap before GC invocations=6 (full 0):
 garbage-first heap   total 129024K, used 82627K [0x0000000080000000, 0x0000000100000000)
  region size 1024K, 38 young (38912K), 8 survivors (8192K)
 Metaspace       used 34760K, capacity 35865K, committed 35920K, reserved 1081344K
  class space    used 4671K, capacity 5085K, committed 5120K, reserved 1048576K
}

Deoptimization events (20 events):
Event: 2.064 Thread 0x0000025af482a800 Uncommon trap: trap_request=0xffffff4d fr.pc=0x0000025ae34ddd58 relative=0x0000000000000e38
Event: 2.064 Thread 0x0000025af482a800 Uncommon trap: reason=unstable_if action=reinterpret pc=0x0000025ae34ddd58 method=java.lang.ClassLoader.getClassLoadingLock(Ljava/lang/String;)Ljava/lang/Object; @ 6 c2
Event: 2.064 Thread 0x0000025af482a800 DEOPT PACKING pc=0x0000025ae34ddd58 sp=0x0000006a179f6d20
Event: 2.064 Thread 0x0000025af482a800 DEOPT UNPACKING pc=0x0000025adb8e85af sp=0x0000006a179f6c80 mode 2
Event: 2.088 Thread 0x0000025af482a800 Uncommon trap: trap_request=0xffffffc6 fr.pc=0x0000025ae34ae94c relative=0x0000000000000a4c
Event: 2.088 Thread 0x0000025af482a800 Uncommon trap: reason=bimorphic_or_optimized_type_check action=maybe_recompile pc=0x0000025ae34ae94c method=java.io.BufferedInputStream.read([BII)I @ 101 c2
Event: 2.088 Thread 0x0000025af482a800 DEOPT PACKING pc=0x0000025ae34ae94c sp=0x0000006a179f79a0
Event: 2.088 Thread 0x0000025af482a800 DEOPT UNPACKING pc=0x0000025adb8e85af sp=0x0000006a179f7958 mode 2
Event: 2.088 Thread 0x0000025af482a800 Uncommon trap: trap_request=0xffffffc6 fr.pc=0x0000025ae34ae94c relative=0x0000000000000a4c
Event: 2.088 Thread 0x0000025af482a800 Uncommon trap: reason=bimorphic_or_optimized_type_check action=maybe_recompile pc=0x0000025ae34ae94c method=java.io.BufferedInputStream.read([BII)I @ 101 c2
Event: 2.088 Thread 0x0000025af482a800 DEOPT PACKING pc=0x0000025ae34ae94c sp=0x0000006a179f79a0
Event: 2.088 Thread 0x0000025af482a800 DEOPT UNPACKING pc=0x0000025adb8e85af sp=0x0000006a179f7958 mode 2
Event: 2.088 Thread 0x0000025af482a800 Uncommon trap: trap_request=0xffffffc6 fr.pc=0x0000025ae34ae94c relative=0x0000000000000a4c
Event: 2.088 Thread 0x0000025af482a800 Uncommon trap: reason=bimorphic_or_optimized_type_check action=maybe_recompile pc=0x0000025ae34ae94c method=java.io.BufferedInputStream.read([BII)I @ 101 c2
Event: 2.088 Thread 0x0000025af482a800 DEOPT PACKING pc=0x0000025ae34ae94c sp=0x0000006a179f79a0
Event: 2.088 Thread 0x0000025af482a800 DEOPT UNPACKING pc=0x0000025adb8e85af sp=0x0000006a179f7958 mode 2
Event: 2.089 Thread 0x0000025af482a800 Uncommon trap: trap_request=0xffffffc6 fr.pc=0x0000025ae34ae94c relative=0x0000000000000a4c
Event: 2.089 Thread 0x0000025af482a800 Uncommon trap: reason=bimorphic_or_optimized_type_check action=maybe_recompile pc=0x0000025ae34ae94c method=java.io.BufferedInputStream.read([BII)I @ 101 c2
Event: 2.089 Thread 0x0000025af482a800 DEOPT PACKING pc=0x0000025ae34ae94c sp=0x0000006a179f79a0
Event: 2.089 Thread 0x0000025af482a800 DEOPT UNPACKING pc=0x0000025adb8e85af sp=0x0000006a179f7958 mode 2

Classes redefined (0 events):
No events

Internal exceptions (20 events):
Event: 1.701 Thread 0x0000025af482a800 Exception <a 'java/lang/NoSuchMethodError'{0x0000000086a7f320}: <clinit>> (0x0000000086a7f320) thrown at [src/hotspot/share/prims/jni.cpp, line 1367]
Event: 1.701 Thread 0x0000025af482a800 Exception <a 'java/lang/NoSuchMethodError'{0x0000000086a80800}: <clinit>> (0x0000000086a80800) thrown at [src/hotspot/share/prims/jni.cpp, line 1367]
Event: 1.715 Thread 0x0000025af482a800 Exception <a 'java/lang/NoSuchMethodError'{0x00000000868e8e58}: 'java.lang.Object java.lang.invoke.Invokers$Holder.linkToTargetMethod(java.lang.Object, int, java.lang.Object)'> (0x00000000868e8e58) thrown at [src/hotspot/share/interpreter/linkResolver.cpp, line 773]
Event: 1.803 Thread 0x0000025af482a800 Exception <a 'java/lang/NoSuchMethodError'{0x000000008530df90}: 'java.lang.Object java.lang.invoke.DirectMethodHandle$Holder.invokeSpecialIFC(java.lang.Object, java.lang.Object, java.lang.Object, java.lang.Object)'> (0x000000008530df90) thrown at [src/hotspot/share/interpreter/linkResolver.cpp, line 773]
Event: 1.856 Thread 0x0000025af482a800 Implicit null exception at 0x0000025ae347bc75 to 0x0000025ae347be3c
Event: 1.856 Thread 0x0000025af482a800 Implicit null exception at 0x0000025ae3440baf to 0x0000025ae3440c1d
Event: 1.880 Thread 0x0000025af482a800 Exception <a 'java/lang/NoSuchMethodError'{0x00000000847a0cf8}: 'java.lang.Object java.lang.invoke.DirectMethodHandle$Holder.invokeSpecial(java.lang.Object, java.lang.Object, java.lang.Object, java.lang.Object, java.lang.Object, java.lang.Object, java.lang.Object, java.lang.Object, java.lang.Object, java.lang.Object, java.lang.Object, java.lang.Object, java.lang.Object)'> (0x00000000847a0cf8) thrown at [src/hotspot/share/interpreter/linkResolver.cpp, line 773]
Event: 1.880 Thread 0x0000025af482a800 Exception <a 'java/lang/NoSuchMethodError'{0x00000000847b1e00}: 'java.lang.Object java.lang.invoke.DirectMethodHandle$Holder.invokeSpecial(java.lang.Object, java.lang.Object, java.lang.Object, java.lang.Object, java.lang.Object, java.lang.Object, java.lang.Object, java.lang.Object, java.lang.Object, java.lang.Object, java.lang.Object, java.lang.Object)'> (0x00000000847b1e00) thrown at [src/hotspot/share/interpreter/linkResolver.cpp, line 773]
Event: 1.881 Thread 0x0000025af482a800 Exception <a 'java/lang/NoSuchMethodError'{0x00000000847b71d0}: 'java.lang.Object java.lang.invoke.Invokers$Holder.linkToTargetMethod(java.lang.Object, java.lang.Object, java.lang.Object, java.lang.Object, java.lang.Object, java.lang.Object, java.lang.Object, java.lang.Object, java.lang.Object, java.lang.Object, java.lang.Object)'> (0x00000000847b71d0) thrown at [src/hotspot/share/interpreter/linkResolver.cpp, line 773]
Event: 1.884 Thread 0x0000025af482a800 Exception <a 'java/lang/NoSuchMethodError'{0x000000008466b320}: 'java.lang.Object java.lang.invoke.DirectMethodHandle$Holder.invokeSpecial(java.lang.Object, java.lang.Object, java.lang.Object, java.lang.Object, java.lang.Object, java.lang.Object, java.lang.Object, java.lang.Object, java.lang.Object, java.lang.Object, java.lang.Object, java.lang.Object, java.lang.Object, java.lang.Object)'> (0x000000008466b320) thrown at [src/hotspot/share/interpreter/linkResolver.cpp, line 773]
Event: 1.884 Thread 0x0000025af482a800 Exception <a 'java/lang/NoSuchMethodError'{0x000000008467cc40}: 'java.lang.Object java.lang.invoke.Invokers$Holder.linkToTargetMethod(java.lang.Object, java.lang.Object, java.lang.Object, java.lang.Object, java.lang.Object, java.lang.Object, java.lang.Object, java.lang.Object, java.lang.Object, java.lang.Object, java.lang.Object, java.lang.Object)'> (0x000000008467cc40) thrown at [src/hotspot/share/interpreter/linkResolver.cpp, line 773]
Event: 1.891 Thread 0x0000025af482a800 Exception <a 'java/lang/NoSuchMethodError'{0x000000008427cc48}: 'java.lang.Object java.lang.invoke.DirectMethodHandle$Holder.invokeStaticInit(java.lang.Object, java.lang.Object, java.lang.Object, java.lang.Object)'> (0x000000008427cc48) thrown at [src/hotspot/share/interpreter/linkResolver.cpp, line 773]
Event: 1.948 Thread 0x0000025af482a800 Exception <a 'java/lang/NoSuchMethodError'{0x000000008776e428}: 'java.lang.Object java.lang.invoke.Invokers$Holder.linkToTargetMethod(java.lang.Object, java.lang.Object, java.lang.Object, java.lang.Object, java.lang.Object, java.lang.Object, java.lang.Object, java.lang.Object)'> (0x000000008776e428) thrown at [src/hotspot/share/interpreter/linkResolver.cpp, line 773]
Event: 1.952 Thread 0x0000025af482a800 Exception <a 'java/lang/IncompatibleClassChangeError'{0x0000000087607260}: Found class java.lang.Object, but interface was expected> (0x0000000087607260) thrown at [src/hotspot/share/interpreter/linkResolver.cpp, line 839]
Event: 2.046 Thread 0x0000025af482a800 Exception <a 'java/lang/NoSuchMethodError'{0x0000000086853e10}: 'java.lang.Object java.lang.invoke.Invokers$Holder.linkToTargetMethod(java.lang.Object, long, java.lang.Object)'> (0x0000000086853e10) thrown at [src/hotspot/share/interpreter/linkResolver.cpp, line 773]
Event: 2.049 Thread 0x0000025af482a800 Exception <a 'java/lang/NoSuchMethodError'{0x00000000868a6108}: 'int java.lang.invoke.DirectMethodHandle$Holder.invokeStatic(java.lang.Object, java.lang.Object, java.lang.Object, java.lang.Object, java.lang.Object)'> (0x00000000868a6108) thrown at [src/hotspot/share/interpreter/linkResolver.cpp, line 773]
Event: 2.120 Thread 0x0000025af482a800 Exception <a 'java/lang/NoSuchMethodError'{0x000000008615ff38}: 'void java.lang.invoke.DirectMethodHandle$Holder.invokeStaticInit(java.lang.Object, java.lang.Object, java.lang.Object)'> (0x000000008615ff38) thrown at [src/hotspot/share/interpreter/linkResolver.cpp, line 773]
Event: 2.120 Thread 0x0000025af482a800 Exception <a 'java/lang/NoSuchMethodError'{0x0000000086167438}: 'void java.lang.invoke.DirectMethodHandle$Holder.invokeStaticInit(java.lang.Object, java.lang.Object, java.lang.Object, java.lang.Object)'> (0x0000000086167438) thrown at [src/hotspot/share/interpreter/linkResolver.cpp, line 773]
Event: 2.121 Thread 0x0000025af482a800 Exception <a 'java/lang/NoSuchMethodError'{0x000000008618a068}: 'void java.lang.invoke.DirectMethodHandle$Holder.invokeStaticInit(java.lang.Object, java.lang.Object, java.lang.Object, java.lang.Object, java.lang.Object)'> (0x000000008618a068) thrown at [src/hotspot/share/interpreter/linkResolver.cpp, line 773]
Event: 2.139 Thread 0x0000025af482a800 Exception <a 'java/lang/NoSuchMethodError'{0x00000000860035a8}: 'int java.lang.invoke.DirectMethodHandle$Holder.invokeStaticInit(java.lang.Object, java.lang.Object, java.lang.Object, java.lang.Object)'> (0x00000000860035a8) thrown at [src/hotspot/share/interpreter/linkResolver.cpp, line 773]

Events (20 events):
Event: 2.138 loading class groovy/lang/Tuple
Event: 2.138 loading class groovy/lang/Tuple done
Event: 2.138 loading class groovy/lang/Tuple2
Event: 2.138 loading class groovy/lang/Tuple2 done
Event: 2.139 loading class org/codehaus/groovy/reflection/ReflectionUtils$ClassContextHelper
Event: 2.139 loading class org/codehaus/groovy/reflection/ReflectionUtils$ClassContextHelper done
Event: 2.142 loading class org/codehaus/groovy/reflection/CacheAccessControlException
Event: 2.142 loading class org/codehaus/groovy/reflection/CacheAccessControlException done
Event: 2.142 loading class org/codehaus/groovy/reflection/CachedMethod$MyComparator
Event: 2.142 loading class org/codehaus/groovy/reflection/CachedMethod$MyComparator done
Event: 2.143 loading class org/codehaus/groovy/reflection/CachedClass$CachedMethodComparatorByName
Event: 2.143 loading class org/codehaus/groovy/reflection/CachedClass$CachedMethodComparatorByName done
Event: 2.144 loading class java/lang/ClassFormatError
Event: 2.144 loading class java/lang/ClassFormatError done
Event: 2.146 loading class java/lang/ProcessHandle$Info
Event: 2.146 loading class java/lang/ProcessHandle$Info done
Event: 2.146 loading class java/util/concurrent/CompletableFuture
Event: 2.147 loading class java/util/concurrent/CompletionStage
Event: 2.147 loading class java/util/concurrent/CompletionStage done
Event: 2.147 Executing VM operation: CollectForMetadataAllocation


Dynamic libraries:
0x00007ff62d360000 - 0x00007ff62d36a000 	C:\Program Files\Android\Android Studio\jbr\bin\java.exe
0x00007fff2efa0000 - 0x00007fff2f190000 	C:\Windows\SYSTEM32\ntdll.dll
0x00007fff2eb30000 - 0x00007fff2ebe2000 	C:\Windows\System32\KERNEL32.DLL
0x00007fff2c280000 - 0x00007fff2c525000 	C:\Windows\System32\KERNELBASE.dll
0x00007fff2cf50000 - 0x00007fff2d04a000 	C:\Windows\System32\ucrtbase.dll
0x00007fff28b80000 - 0x00007fff28b9b000 	C:\Program Files\Android\Android Studio\jbr\bin\VCRUNTIME140.dll
0x00007fff28b60000 - 0x00007fff28b77000 	C:\Program Files\Android\Android Studio\jbr\bin\jli.dll
0x00007fff2e030000 - 0x00007fff2e1c5000 	C:\Windows\System32\USER32.dll
0x00007fff2c0d0000 - 0x00007fff2c0f1000 	C:\Windows\System32\win32u.dll
0x00007fff2ddf0000 - 0x00007fff2de16000 	C:\Windows\System32\GDI32.dll
0x00007fff2bf30000 - 0x00007fff2c0c6000 	C:\Windows\System32\gdi32full.dll
0x00007fff21760000 - 0x00007fff219e4000 	C:\Windows\WinSxS\amd64_microsoft.windows.common-controls_6595b64144ccf1df_6.0.18362.1082_none_9e8193e1e45b25c1\COMCTL32.dll
0x00007fff2c100000 - 0x00007fff2c19e000 	C:\Windows\System32\msvcp_win.dll
0x00007fff2e1d0000 - 0x00007fff2e26e000 	C:\Windows\System32\msvcrt.dll
0x00007fff2ebf0000 - 0x00007fff2ef25000 	C:\Windows\System32\combase.dll
0x00007fff2dcd0000 - 0x00007fff2ddf0000 	C:\Windows\System32\RPCRT4.dll
0x00007fff2cd80000 - 0x00007fff2ce00000 	C:\Windows\System32\bcryptPrimitives.dll
0x00007fff2ef30000 - 0x00007fff2ef5e000 	C:\Windows\System32\IMM32.DLL
0x00007fff28b50000 - 0x00007fff28b5c000 	C:\Program Files\Android\Android Studio\jbr\bin\vcruntime140_1.dll
0x00007fff28aa0000 - 0x00007fff28b2d000 	C:\Program Files\Android\Android Studio\jbr\bin\msvcp140.dll
0x00007ffef5310000 - 0x00007ffef5ecc000 	C:\Program Files\Android\Android Studio\jbr\bin\server\jvm.dll
0x00007fff2d050000 - 0x00007fff2d0f3000 	C:\Windows\System32\ADVAPI32.dll
0x00007fff2d720000 - 0x00007fff2d7b7000 	C:\Windows\System32\sechost.dll
0x00007fff2e270000 - 0x00007fff2e278000 	C:\Windows\System32\PSAPI.DLL
0x00007fff27390000 - 0x00007fff27399000 	C:\Windows\SYSTEM32\WSOCK32.dll
0x00007fff21ae0000 - 0x00007fff21b04000 	C:\Windows\SYSTEM32\WINMM.dll
0x00007fff27f10000 - 0x00007fff27f1a000 	C:\Windows\SYSTEM32\VERSION.dll
0x00007fff2eac0000 - 0x00007fff2eb2f000 	C:\Windows\System32\WS2_32.dll
0x00007fff21ab0000 - 0x00007fff21add000 	C:\Windows\SYSTEM32\WINMMBASE.dll
0x00007fff2cd30000 - 0x00007fff2cd7a000 	C:\Windows\System32\cfgmgr32.dll
0x00007fff2bee0000 - 0x00007fff2bef1000 	C:\Windows\System32\kernel.appcore.dll
0x00007fff27320000 - 0x00007fff27330000 	C:\Program Files\Android\Android Studio\jbr\bin\verify.dll
0x00007fff21080000 - 0x00007fff21274000 	C:\Windows\SYSTEM32\DBGHELP.DLL
0x00007fff1fe20000 - 0x00007fff1fe4a000 	C:\Windows\SYSTEM32\dbgcore.DLL
0x00007fff25b60000 - 0x00007fff25b88000 	C:\Program Files\Android\Android Studio\jbr\bin\java.dll
0x00007fff268d0000 - 0x00007fff268da000 	C:\Program Files\Android\Android Studio\jbr\bin\jimage.dll
0x00007fff244e0000 - 0x00007fff244f8000 	C:\Program Files\Android\Android Studio\jbr\bin\zip.dll
0x00007fff2e300000 - 0x00007fff2e9e7000 	C:\Windows\System32\SHELL32.dll
0x00007fff2d370000 - 0x00007fff2d419000 	C:\Windows\System32\shcore.dll
0x00007fff2c590000 - 0x00007fff2cd10000 	C:\Windows\System32\windows.storage.dll
0x00007fff2bf00000 - 0x00007fff2bf23000 	C:\Windows\System32\profapi.dll
0x00007fff2be70000 - 0x00007fff2beba000 	C:\Windows\System32\powrprof.dll
0x00007fff2be60000 - 0x00007fff2be70000 	C:\Windows\System32\UMPDC.dll
0x00007fff2d4a0000 - 0x00007fff2d4f2000 	C:\Windows\System32\shlwapi.dll
0x00007fff2cd10000 - 0x00007fff2cd27000 	C:\Windows\System32\cryptsp.dll
0x00007fff244c0000 - 0x00007fff244d9000 	C:\Program Files\Android\Android Studio\jbr\bin\net.dll
0x00007fff27c90000 - 0x00007fff27d80000 	C:\Windows\SYSTEM32\WINHTTP.dll
0x00007fff15ee0000 - 0x00007fff15ef3000 	C:\Program Files (x86)\Hongda\nonifslsp64.dll
0x00007fff15d50000 - 0x00007fff15df7000 	C:\Windows\SYSTEM32\MSVCP110.dll
0x00007fff15e00000 - 0x00007fff15ed4000 	C:\Windows\SYSTEM32\MSVCR110.dll
0x00007fff2b6b0000 - 0x00007fff2b717000 	C:\Windows\system32\mswsock.dll
0x00007fff24310000 - 0x00007fff24323000 	C:\Program Files\Android\Android Studio\jbr\bin\nio.dll
0x00007fff28ba0000 - 0x00007fff28bc7000 	C:\Users\Administrator\.gradle\native\e1d6ef7f7dcc3fd88c89a11ec53ec762bb8ba0a96d01ffa2cd45eb1d1d8dd5c5\windows-amd64\native-platform.dll
0x00007fff17700000 - 0x00007fff17844000 	C:\Users\Administrator\.gradle\native\0d407fdbe67a94daf76414ababcb853783967236a71b16ec16e742cd7a986fd3\windows-amd64\native-platform-file-events.dll
0x00007fff25b50000 - 0x00007fff25b5a000 	C:\Program Files\Android\Android Studio\jbr\bin\management.dll
0x00007fff24300000 - 0x00007fff2430b000 	C:\Program Files\Android\Android Studio\jbr\bin\management_ext.dll
0x00007fff2b220000 - 0x00007fff2b253000 	C:\Windows\system32\rsaenh.dll
0x00007fff2c1a0000 - 0x00007fff2c1c6000 	C:\Windows\System32\bcrypt.dll
0x00007fff2bd80000 - 0x00007fff2bda5000 	C:\Windows\SYSTEM32\USERENV.dll
0x00007fff2b880000 - 0x00007fff2b88c000 	C:\Windows\SYSTEM32\CRYPTBASE.dll
0x00007fff2b3c0000 - 0x00007fff2b3fa000 	C:\Windows\SYSTEM32\IPHLPAPI.DLL
0x00007fff2dcc0000 - 0x00007fff2dcc8000 	C:\Windows\System32\NSI.dll
0x00007fff27300000 - 0x00007fff27316000 	C:\Windows\SYSTEM32\dhcpcsvc6.DLL
0x00007fff27aa0000 - 0x00007fff27abc000 	C:\Windows\SYSTEM32\dhcpcsvc.DLL
0x00007fff2b400000 - 0x00007fff2b4cb000 	C:\Windows\SYSTEM32\DNSAPI.dll

dbghelp: loaded successfully - version: 4.0.5 - missing functions: none
symbol engine: initialized successfully - sym options: 0x614 - pdb path: .;C:\Program Files\Android\Android Studio\jbr\bin;C:\Windows\SYSTEM32;C:\Windows\WinSxS\amd64_microsoft.windows.common-controls_6595b64144ccf1df_6.0.18362.1082_none_9e8193e1e45b25c1;C:\Program Files\Android\Android Studio\jbr\bin\server;C:\Program Files (x86)\Hongda;C:\Users\Administrator\.gradle\native\e1d6ef7f7dcc3fd88c89a11ec53ec762bb8ba0a96d01ffa2cd45eb1d1d8dd5c5\windows-amd64;C:\Users\Administrator\.gradle\native\0d407fdbe67a94daf76414ababcb853783967236a71b16ec16e742cd7a986fd3\windows-amd64

VM Arguments:
jvm_args: --add-opens=java.base/java.util=ALL-UNNAMED --add-opens=java.base/java.lang=ALL-UNNAMED --add-opens=java.base/java.lang.invoke=ALL-UNNAMED --add-opens=java.base/java.util=ALL-UNNAMED --add-opens=java.prefs/java.util.prefs=ALL-UNNAMED --add-opens=java.prefs/java.util.prefs=ALL-UNNAMED --add-opens=java.base/java.nio.charset=ALL-UNNAMED --add-opens=java.base/java.net=ALL-UNNAMED --add-opens=java.base/java.util.concurrent.atomic=ALL-UNNAMED -Xmx2048m -Dfile.encoding=UTF-8 -Duser.country=CN -Duser.language=zh -Duser.variant 
java_command: org.gradle.launcher.daemon.bootstrap.GradleDaemon 7.5
java_class_path (initial): C:\Users\Administrator\.gradle\wrapper\dists\gradle-7.5-bin\f1w0cc9nuo0eivz97x2xlu9sv\gradle-7.5\lib\gradle-launcher-7.5.jar
Launcher Type: SUN_STANDARD

[Global flags]
     intx CICompilerCount                          = 4                                         {product} {ergonomic}
     uint ConcGCThreads                            = 3                                         {product} {ergonomic}
     uint G1ConcRefinementThreads                  = 10                                        {product} {ergonomic}
   size_t G1HeapRegionSize                         = 1048576                                   {product} {ergonomic}
    uintx GCDrainStackTargetSize                   = 64                                        {product} {ergonomic}
   size_t InitialHeapSize                          = 132120576                                 {product} {ergonomic}
   size_t MarkStackSize                            = 4194304                                   {product} {ergonomic}
   size_t MaxHeapSize                              = 2147483648                                {product} {command line}
   size_t MaxNewSize                               = 1287651328                                {product} {ergonomic}
   size_t MinHeapDeltaBytes                        = 1048576                                   {product} {ergonomic}
    uintx NonNMethodCodeHeapSize                   = 5836300                                {pd product} {ergonomic}
    uintx NonProfiledCodeHeapSize                  = 122910970                              {pd product} {ergonomic}
    uintx ProfiledCodeHeapSize                     = 122910970                              {pd product} {ergonomic}
    uintx ReservedCodeCacheSize                    = 251658240                              {pd product} {ergonomic}
     bool SegmentedCodeCache                       = true                                      {product} {ergonomic}
     bool UseCompressedClassPointers               = true                                 {lp64_product} {ergonomic}
     bool UseCompressedOops                        = true                                 {lp64_product} {ergonomic}
     bool UseG1GC                                  = true                                      {product} {ergonomic}
     bool UseLargePagesIndividualAllocation        = false                                  {pd product} {ergonomic}

Logging:
Log output configuration:
 #0: stdout all=warning uptime,level,tags
 #1: stderr all=off uptime,level,tags

Environment Variables:
PATH=C:\Program Files\Python39\Scripts\;C:\Program Files\Python39\;C:\Program Files (x86)\Python37-32\Scripts\;C:\Program Files (x86)\Python37-32\;C:\Windows\system32;C:\Windows;C:\Windows\System32\Wbem;C:\Windows\System32\WindowsPowerShell\v1.0\;C:\Windows\System32\OpenSSH\;C:\Program Files\MATLAB\MATLAB Production Server\R2015a\runtime\win64;C:\Program Files\MATLAB\MATLAB Production Server\R2015a\bin;C:\Program Files\MATLAB\MATLAB Production Server\R2015a\polyspace\bin;C:\Program Files\Git\cmd;C:\Users\Administrator\AppData\Local\Microsoft\WindowsApps;;C:\Microsoft VS Code\bin
USERNAME=Administrator
OS=Windows_NT
PROCESSOR_IDENTIFIER=Intel64 Family 6 Model 167 Stepping 1, GenuineIntel



---------------  S Y S T E M  ---------------

OS: Windows 10 , 64 bit Build 18362 (10.0.18362.1082)
OS uptime: 0 days 1:16 hours

CPU:total 12 (initial active 12) (6 cores per cpu, 2 threads per core) family 6 model 167 stepping 1 microcode 0x1c, cmov, cx8, fxsr, mmx, sse, sse2, sse3, ssse3, sse4.1, sse4.2, popcnt, avx, avx2, aes, clmul, erms, 3dnowpref, lzcnt, ht, tsc, tscinvbit, bmi1, bmi2, adx, evex, sha, fma

Memory: 4k page, system-wide physical 7992M (167M free)
TotalPageFile size 12088M (AvailPageFile size 23M)
current process WorkingSet (physical memory assigned to process): 257M, peak: 257M
current process commit charge ("private bytes"): 302M, peak: 328M

vm_info: OpenJDK 64-Bit Server VM (11.0.15+0-b2043.56-9505619) for windows-amd64 JRE (11.0.15+0-b2043.56-9505619), built on Jan 19 2023 02:48:00 by "builduser" with unknown MS VC++:1929

END.
