#
# There is insufficient memory for the Java Runtime Environment to continue.
# Native memory allocation (mmap) failed to map 38797312 bytes for Failed to commit area from 0x000000008b700000 to 0x000000008dc00000 of length 38797312.
# Possible reasons:
#   The system is out of physical RAM or swap space
#   The process is running with CompressedOops enabled, and the Java Heap may be blocking the growth of the native heap
# Possible solutions:
#   Reduce memory load on the system
#   Increase physical memory or swap space
#   Check if swap backing store is full
#   Decrease Java heap size (-Xmx/-Xms)
#   Decrease number of Java threads
#   Decrease Java thread stack sizes (-Xss)
#   Set larger code cache with -XX:ReservedCodeCacheSize=
#   JVM is running with Unscaled Compressed Oops mode in which the Java heap is
#     placed in the first 4GB address space. The Java Heap base address is the
#     maximum limit for the native heap growth. Please use -XX:HeapBaseMinAddress
#     to set the Java Heap base and to place the Java Heap above 4GB virtual address.
# This output file may be truncated or incomplete.
#
#  Out of Memory Error (src/hotspot/os/windows/os_windows.cpp:3627), pid=9140, tid=808
#
# JRE version: OpenJDK Runtime Environment (11.0.15) (build 11.0.15+0-b2043.56-9505619)
# Java VM: OpenJDK 64-Bit Server VM (11.0.15+0-b2043.56-9505619, mixed mode, tiered, compressed oops, g1 gc, windows-amd64)
# No core dump will be written. Minidumps are not enabled by default on client versions of Windows
#

---------------  S U M M A R Y ------------

Command Line: --add-opens=java.base/java.util=ALL-UNNAMED --add-opens=java.base/java.lang=ALL-UNNAMED --add-opens=java.base/java.lang.invoke=ALL-UNNAMED --add-opens=java.base/java.util=ALL-UNNAMED --add-opens=java.prefs/java.util.prefs=ALL-UNNAMED --add-opens=java.prefs/java.util.prefs=ALL-UNNAMED --add-opens=java.base/java.nio.charset=ALL-UNNAMED --add-opens=java.base/java.net=ALL-UNNAMED --add-opens=java.base/java.util.concurrent.atomic=ALL-UNNAMED -Xmx2048m -Dfile.encoding=UTF-8 -Duser.country=CN -Duser.language=zh -Duser.variant org.gradle.launcher.daemon.bootstrap.GradleDaemon 7.5

Host: 11th Gen Intel(R) Core(TM) i5-11400 @ 2.60GHz, 12 cores, 7G,  Windows 10 , 64 bit Build 18362 (10.0.18362.1082)
Time: Tue Mar 12 14:09:15 2024 中国标准时间 elapsed time: 4.521815 seconds (0d 0h 0m 4s)

---------------  T H R E A D  ---------------

Current thread (0x000001a69dd04800):  VMThread "VM Thread" [stack: 0x0000004ab3f00000,0x0000004ab4000000] [id=808]

Stack: [0x0000004ab3f00000,0x0000004ab4000000]
[error occurred during error reporting (printing stack bounds), id 0xc0000005, EXCEPTION_ACCESS_VIOLATION (0xc0000005) at pc=0x000001a6867012e7]

Native frames: (J=compiled Java code, j=interpreted, Vv=VM code, C=native code)
V  [jvm.dll+0x64135a]
V  [jvm.dll+0x7d39f9]
V  [jvm.dll+0x7d51b9]
V  [jvm.dll+0x7d5805]
V  [jvm.dll+0x7d57bb]
V  [jvm.dll+0x640655]
V  [jvm.dll+0x640d68]
C  [ntdll.dll+0xa11cf]
C  [ntdll.dll+0x6a209]
C  [ntdll.dll+0x9fe3e]
C  0x000001a6867012e7

VM_Operation (0x0000004ab5ff1260): G1CollectForAllocation, mode: safepoint, requested by thread 0x000001a6a02f7000


---------------  P R O C E S S  ---------------

Threads class SMR info:
_java_thread_list=0x000001a6a5ca1cf0, length=166, elements={
0x000001a682bee800, 0x000001a69d4f5800, 0x000001a69d4ed000, 0x000001a69dd68800,
0x000001a69dd6c800, 0x000001a69dd6d800, 0x000001a69dd71000, 0x000001a69dd72000,
0x000001a69dd73000, 0x000001a69dee6800, 0x000001a69f70c800, 0x000001a69ff83800,
0x000001a69efa1000, 0x000001a69f146800, 0x000001a6a035b000, 0x000001a6a02f6000,
0x000001a6a02f7000, 0x000001a69f614000, 0x000001a69f617800, 0x000001a6a1b0c800,
0x000001a6a1b0e800, 0x000001a6a1b10000, 0x000001a6a1b0a800, 0x000001a6a1b0d800,
0x000001a6a1b0f000, 0x000001a6a1b0c000, 0x000001a6a1b11000, 0x000001a6a1b0b000,
0x000001a6a21d2800, 0x000001a6a21d0000, 0x000001a6a21d7000, 0x000001a6a21d5000,
0x000001a6a21d2000, 0x000001a6a21d1000, 0x000001a6a21d9000, 0x000001a6a21d3800,
0x000001a6a21d6000, 0x000001a6a21d7800, 0x000001a6a21d4800, 0x000001a6a21dd800,
0x000001a6a21da000, 0x000001a6a21db000, 0x000001a6a21dc800, 0x000001a6a21de000,
0x000001a6a21d8800, 0x000001a6a21df000, 0x000001a6a35e2000, 0x000001a6a35de000,
0x000001a6a35e4800, 0x000001a6a35e3000, 0x000001a6a35df000, 0x000001a6a35df800,
0x000001a6a35e3800, 0x000001a6a35e0800, 0x000001a6a35e1800, 0x000001a6a35e6000,
0x000001a6a35e8800, 0x000001a6a35e8000, 0x000001a6a35e7000, 0x000001a6a35eb000,
0x000001a6a35ea800, 0x000001a6a35e9800, 0x000001a6a35e5800, 0x000001a6a35ec000,
0x000001a6a35ec800, 0x000001a6a3af5800, 0x000001a6a3af5000, 0x000001a6a3af4000,
0x000001a6a3af3000, 0x000001a6a3afa000, 0x000001a6a3afa800, 0x000001a6a3afc000,
0x000001a6a3af9000, 0x000001a6a3af7800, 0x000001a6a3af8000, 0x000001a6a3afb800,
0x000001a6a3af6800, 0x000001a6a3b00800, 0x000001a6a3b02000, 0x000001a6a3afd000,
0x000001a6a3afe000, 0x000001a6a3afe800, 0x000001a6a3aff800, 0x000001a6a3b01000,
0x000001a6a360f000, 0x000001a6a360c800, 0x000001a6a360b000, 0x000001a6a3609800,
0x000001a6a360d800, 0x000001a6a3610000, 0x000001a6a360a000, 0x000001a6a3610800,
0x000001a6a3611800, 0x000001a6a360e000, 0x000001a6a360b800, 0x000001a6a3613000,
0x000001a6a3614000, 0x000001a6a3614800, 0x000001a6a3615800, 0x000001a6a3616800,
0x000001a6a3617000, 0x000001a6a3612800, 0x000001a6a3618000, 0x000001a6a3915800,
0x000001a6a3916800, 0x000001a6a3917800, 0x000001a6a3918000, 0x000001a6a3919000,
0x000001a6a391a000, 0x000001a6a3914000, 0x000001a6a3915000, 0x000001a6a391a800,
0x000001a6a391b800, 0x000001a6a391c000, 0x000001a6a391e000, 0x000001a6a391e800,
0x000001a6a391d000, 0x000001a6a391f800, 0x000001a6a3920800, 0x000001a6a3921000,
0x000001a6a3922000, 0x000001a6a3923000, 0x000001a6a3d1c000, 0x000001a6a3d1b800,
0x000001a6a3d19000, 0x000001a6a3d1d000, 0x000001a6a3d19800, 0x000001a6a3d1a800,
0x000001a6a3d1e000, 0x000001a6a3d18000, 0x000001a6a3d1f800, 0x000001a6a3d22800,
0x000001a6a3d23800, 0x000001a6a3d20800, 0x000001a6a3d22000, 0x000001a6a3d24800,
0x000001a6a3d21000, 0x000001a6a3d1e800, 0x000001a6a3d25000, 0x000001a6a3d26000,
0x000001a6a3d27000, 0x000001a6a4247000, 0x000001a6a4249800, 0x000001a6a424b000,
0x000001a6a4248800, 0x000001a6a424a000, 0x000001a6a4246000, 0x000001a6a4245800,
0x000001a6a424c000, 0x000001a6a424c800, 0x000001a6a424d800, 0x000001a6a4247800,
0x000001a6a424e800, 0x000001a6a4254000, 0x000001a6a4250000, 0x000001a6a4250800,
0x000001a6a4251800, 0x000001a6a4252800, 0x000001a6a4253000, 0x000001a6a424f000,
0x000001a6a4284800, 0x000001a6a4280800, 0x000001a6a4282000, 0x000001a6a4282800,
0x000001a6a4287000, 0x000001a6a4281000
}

Java Threads: ( => current thread )
  0x000001a682bee800 JavaThread "main" [_thread_blocked, id=2688, stack(0x0000004ab3900000,0x0000004ab3a00000)]
  0x000001a69d4f5800 JavaThread "Reference Handler" daemon [_thread_blocked, id=6300, stack(0x0000004ab4000000,0x0000004ab4100000)]
  0x000001a69d4ed000 JavaThread "Finalizer" daemon [_thread_blocked, id=4676, stack(0x0000004ab4100000,0x0000004ab4200000)]
  0x000001a69dd68800 JavaThread "Signal Dispatcher" daemon [_thread_blocked, id=5264, stack(0x0000004ab4200000,0x0000004ab4300000)]
  0x000001a69dd6c800 JavaThread "Attach Listener" daemon [_thread_blocked, id=9588, stack(0x0000004ab4300000,0x0000004ab4400000)]
  0x000001a69dd6d800 JavaThread "Service Thread" daemon [_thread_blocked, id=3936, stack(0x0000004ab4400000,0x0000004ab4500000)]
  0x000001a69dd71000 JavaThread "C2 CompilerThread0" daemon [_thread_blocked, id=4032, stack(0x0000004ab4500000,0x0000004ab4600000)]
  0x000001a69dd72000 JavaThread "C1 CompilerThread0" daemon [_thread_blocked, id=3208, stack(0x0000004ab4600000,0x0000004ab4700000)]
  0x000001a69dd73000 JavaThread "Sweeper thread" daemon [_thread_blocked, id=2620, stack(0x0000004ab4700000,0x0000004ab4800000)]
  0x000001a69dee6800 JavaThread "Common-Cleaner" daemon [_thread_blocked, id=5096, stack(0x0000004ab4800000,0x0000004ab4900000)]
  0x000001a69f70c800 JavaThread "Daemon health stats" [_thread_blocked, id=6652, stack(0x0000004ab5900000,0x0000004ab5a00000)]
  0x000001a69ff83800 JavaThread "Incoming local TCP Connector on port 50176" [_thread_in_native, id=5456, stack(0x0000004ab5a00000,0x0000004ab5b00000)]
  0x000001a69efa1000 JavaThread "Daemon periodic checks" [_thread_blocked, id=6516, stack(0x0000004ab5b00000,0x0000004ab5c00000)]
  0x000001a69f146800 JavaThread "Daemon" [_thread_blocked, id=3904, stack(0x0000004ab5c00000,0x0000004ab5d00000)]
  0x000001a6a035b000 JavaThread "Handler for socket connection from /127.0.0.1:50176 to /127.0.0.1:50177" [_thread_in_native, id=3604, stack(0x0000004ab5d00000,0x0000004ab5e00000)]
  0x000001a6a02f6000 JavaThread "Cancel handler" [_thread_blocked, id=1616, stack(0x0000004ab5e00000,0x0000004ab5f00000)]
  0x000001a6a02f7000 JavaThread "Daemon worker" [_thread_blocked, id=6356, stack(0x0000004ab5f00000,0x0000004ab6000000)]
  0x000001a69f614000 JavaThread "Asynchronous log dispatcher for DefaultDaemonConnection: socket connection from /127.0.0.1:50176 to /127.0.0.1:50177" [_thread_blocked, id=7240, stack(0x0000004ab6000000,0x0000004ab6100000)]
  0x000001a69f617800 JavaThread "Stdin handler" [_thread_blocked, id=10004, stack(0x0000004ab6100000,0x0000004ab6200000)]
  0x000001a6a1b0c800 JavaThread "Daemon client event forwarder" [_thread_blocked, id=6884, stack(0x0000004ab6200000,0x0000004ab6300000)]
  0x000001a6a1b0e800 JavaThread "Cache worker for journal cache (C:\Users\Administrator\.gradle\caches\journal-1)" [_thread_blocked, id=3284, stack(0x0000004ab6a00000,0x0000004ab6b00000)]
  0x000001a6a1b10000 JavaThread "File lock request listener" [_thread_in_native, id=6612, stack(0x0000004ab6b00000,0x0000004ab6c00000)]
  0x000001a6a1b0a800 JavaThread "Cache worker for file hash cache (C:\Users\Administrator\.gradle\caches\7.5\fileHashes)" [_thread_blocked, id=6240, stack(0x0000004ab6e00000,0x0000004ab6f00000)]
  0x000001a6a1b0d800 JavaThread "File watcher server" daemon [_thread_in_native, id=8932, stack(0x0000004ab6f00000,0x0000004ab7000000)]
  0x000001a6a1b0f000 JavaThread "File watcher consumer" daemon [_thread_blocked, id=3048, stack(0x0000004ab7000000,0x0000004ab7100000)]
  0x000001a6a1b0c000 JavaThread "jar transforms" [_thread_blocked, id=3728, stack(0x0000004ab7100000,0x0000004ab7200000)]
  0x000001a6a1b11000 JavaThread "jar transforms Thread 2" [_thread_blocked, id=8032, stack(0x0000004ab7200000,0x0000004ab7300000)]
  0x000001a6a1b0b000 JavaThread "jar transforms Thread 3" [_thread_blocked, id=6476, stack(0x0000004ab7300000,0x0000004ab7400000)]
  0x000001a6a21d2800 JavaThread "jar transforms Thread 4" [_thread_blocked, id=8116, stack(0x0000004ab7400000,0x0000004ab7500000)]
  0x000001a6a21d0000 JavaThread "jar transforms Thread 5" [_thread_blocked, id=1920, stack(0x0000004ab7500000,0x0000004ab7600000)]
  0x000001a6a21d7000 JavaThread "jar transforms Thread 6" [_thread_blocked, id=9384, stack(0x0000004ab7600000,0x0000004ab7700000)]
  0x000001a6a21d5000 JavaThread "jar transforms Thread 7" [_thread_blocked, id=5708, stack(0x0000004ab7700000,0x0000004ab7800000)]
  0x000001a6a21d2000 JavaThread "jar transforms Thread 8" [_thread_blocked, id=5340, stack(0x0000004ab7800000,0x0000004ab7900000)]
  0x000001a6a21d1000 JavaThread "jar transforms Thread 9" [_thread_blocked, id=5048, stack(0x0000004ab7900000,0x0000004ab7a00000)]
  0x000001a6a21d9000 JavaThread "jar transforms Thread 10" [_thread_blocked, id=8164, stack(0x0000004ab7a00000,0x0000004ab7b00000)]
  0x000001a6a21d3800 JavaThread "jar transforms Thread 11" [_thread_blocked, id=6512, stack(0x0000004ab7b00000,0x0000004ab7c00000)]
  0x000001a6a21d6000 JavaThread "jar transforms Thread 12" [_thread_blocked, id=4888, stack(0x0000004ab7c00000,0x0000004ab7d00000)]
  0x000001a6a21d7800 JavaThread "Cache worker for checksums cache (D:\AndroidStudioProjects\MyStore\.gradle\7.5\checksums)" [_thread_blocked, id=2560, stack(0x0000004ab7d00000,0x0000004ab7e00000)]
  0x000001a6a21d4800 JavaThread "Cache worker for cache directory md-rule (C:\Users\Administrator\.gradle\caches\7.5\md-rule)" [_thread_blocked, id=9336, stack(0x0000004ab7e00000,0x0000004ab7f00000)]
  0x000001a6a21dd800 JavaThread "Cache worker for file content cache (C:\Users\Administrator\.gradle\caches\7.5\fileContent)" [_thread_blocked, id=1204, stack(0x0000004ab7f00000,0x0000004ab8000000)]
  0x000001a6a21da000 JavaThread "Cache worker for file hash cache (D:\AndroidStudioProjects\MyStore\.gradle\7.5\fileHashes)" [_thread_blocked, id=8956, stack(0x0000004ab8000000,0x0000004ab8100000)]
  0x000001a6a21db000 JavaThread "Cache worker for cache directory md-supplier (C:\Users\Administrator\.gradle\caches\7.5\md-supplier)" [_thread_blocked, id=9692, stack(0x0000004ab8100000,0x0000004ab8200000)]
  0x000001a6a21dc800 JavaThread "Cache worker for execution history cache (C:\Users\Administrator\.gradle\caches\7.5\executionHistory)" [_thread_blocked, id=10164, stack(0x0000004ab8200000,0x0000004ab8300000)]
  0x000001a6a21de000 JavaThread "Cache worker for dependencies-accessors (D:\AndroidStudioProjects\MyStore\.gradle\7.5\dependencies-accessors)" [_thread_blocked, id=7980, stack(0x0000004ab8300000,0x0000004ab8400000)]
  0x000001a6a21d8800 JavaThread "Cache worker for Build Output Cleanup Cache (D:\AndroidStudioProjects\MyStore\.gradle\buildOutputCleanup)" [_thread_blocked, id=5224, stack(0x0000004ab8400000,0x0000004ab8500000)]
  0x000001a6a21df000 JavaThread "Unconstrained build operations" [_thread_blocked, id=6856, stack(0x0000004ab8500000,0x0000004ab8600000)]
  0x000001a6a35e2000 JavaThread "Unconstrained build operations Thread 2" [_thread_blocked, id=6872, stack(0x0000004ab8600000,0x0000004ab8700000)]
  0x000001a6a35de000 JavaThread "Unconstrained build operations Thread 3" [_thread_blocked, id=6424, stack(0x0000004ab8700000,0x0000004ab8800000)]
  0x000001a6a35e4800 JavaThread "Unconstrained build operations Thread 4" [_thread_blocked, id=2808, stack(0x0000004ab8800000,0x0000004ab8900000)]
  0x000001a6a35e3000 JavaThread "Unconstrained build operations Thread 5" [_thread_blocked, id=8324, stack(0x0000004ab8900000,0x0000004ab8a00000)]
  0x000001a6a35df000 JavaThread "Unconstrained build operations Thread 6" [_thread_blocked, id=9316, stack(0x0000004ab8a00000,0x0000004ab8b00000)]
  0x000001a6a35df800 JavaThread "Unconstrained build operations Thread 7" [_thread_blocked, id=7332, stack(0x0000004ab8b00000,0x0000004ab8c00000)]
  0x000001a6a35e3800 JavaThread "Unconstrained build operations Thread 8" [_thread_blocked, id=9300, stack(0x0000004ab8c00000,0x0000004ab8d00000)]
  0x000001a6a35e0800 JavaThread "Unconstrained build operations Thread 9" [_thread_blocked, id=7896, stack(0x0000004ab8d00000,0x0000004ab8e00000)]
  0x000001a6a35e1800 JavaThread "Unconstrained build operations Thread 10" [_thread_blocked, id=3580, stack(0x0000004ab8e00000,0x0000004ab8f00000)]
  0x000001a6a35e6000 JavaThread "Unconstrained build operations Thread 11" [_thread_blocked, id=4832, stack(0x0000004ab8f00000,0x0000004ab9000000)]
  0x000001a6a35e8800 JavaThread "Unconstrained build operations Thread 12" [_thread_blocked, id=4640, stack(0x0000004ab9000000,0x0000004ab9100000)]
  0x000001a6a35e8000 JavaThread "Unconstrained build operations Thread 13" [_thread_blocked, id=6596, stack(0x0000004ab9100000,0x0000004ab9200000)]
  0x000001a6a35e7000 JavaThread "Unconstrained build operations Thread 14" [_thread_blocked, id=7788, stack(0x0000004ab9200000,0x0000004ab9300000)]
  0x000001a6a35eb000 JavaThread "Unconstrained build operations Thread 15" [_thread_blocked, id=4252, stack(0x0000004ab9300000,0x0000004ab9400000)]
  0x000001a6a35ea800 JavaThread "Unconstrained build operations Thread 16" [_thread_blocked, id=9528, stack(0x0000004ab9400000,0x0000004ab9500000)]
  0x000001a6a35e9800 JavaThread "Unconstrained build operations Thread 17" [_thread_blocked, id=6372, stack(0x0000004ab9500000,0x0000004ab9600000)]
  0x000001a6a35e5800 JavaThread "Unconstrained build operations Thread 18" [_thread_blocked, id=3712, stack(0x0000004ab9600000,0x0000004ab9700000)]
  0x000001a6a35ec000 JavaThread "Unconstrained build operations Thread 19" [_thread_blocked, id=5852, stack(0x0000004ab9700000,0x0000004ab9800000)]
  0x000001a6a35ec800 JavaThread "Unconstrained build operations Thread 20" [_thread_blocked, id=2724, stack(0x0000004ab9800000,0x0000004ab9900000)]
  0x000001a6a3af5800 JavaThread "Unconstrained build operations Thread 21" [_thread_blocked, id=2280, stack(0x0000004ab9900000,0x0000004ab9a00000)]
  0x000001a6a3af5000 JavaThread "Unconstrained build operations Thread 22" [_thread_blocked, id=3184, stack(0x0000004ab9a00000,0x0000004ab9b00000)]
  0x000001a6a3af4000 JavaThread "Unconstrained build operations Thread 23" [_thread_blocked, id=5176, stack(0x0000004ab9b00000,0x0000004ab9c00000)]
  0x000001a6a3af3000 JavaThread "Unconstrained build operations Thread 24" [_thread_blocked, id=3608, stack(0x0000004ab9c00000,0x0000004ab9d00000)]
  0x000001a6a3afa000 JavaThread "Unconstrained build operations Thread 25" [_thread_blocked, id=600, stack(0x0000004ab9d00000,0x0000004ab9e00000)]
  0x000001a6a3afa800 JavaThread "Unconstrained build operations Thread 26" [_thread_blocked, id=1356, stack(0x0000004ab9e00000,0x0000004ab9f00000)]
  0x000001a6a3afc000 JavaThread "Unconstrained build operations Thread 27" [_thread_blocked, id=1648, stack(0x0000004ab9f00000,0x0000004aba000000)]
  0x000001a6a3af9000 JavaThread "Unconstrained build operations Thread 28" [_thread_blocked, id=3588, stack(0x0000004aba000000,0x0000004aba100000)]
  0x000001a6a3af7800 JavaThread "Unconstrained build operations Thread 29" [_thread_blocked, id=1264, stack(0x0000004aba100000,0x0000004aba200000)]
  0x000001a6a3af8000 JavaThread "Unconstrained build operations Thread 30" [_thread_blocked, id=6828, stack(0x0000004aba200000,0x0000004aba300000)]
  0x000001a6a3afb800 JavaThread "Unconstrained build operations Thread 31" [_thread_blocked, id=1532, stack(0x0000004aba300000,0x0000004aba400000)]
  0x000001a6a3af6800 JavaThread "Unconstrained build operations Thread 32" [_thread_blocked, id=8072, stack(0x0000004aba400000,0x0000004aba500000)]
  0x000001a6a3b00800 JavaThread "Unconstrained build operations Thread 33" [_thread_blocked, id=9944, stack(0x0000004aba500000,0x0000004aba600000)]
  0x000001a6a3b02000 JavaThread "Unconstrained build operations Thread 34" [_thread_blocked, id=9108, stack(0x0000004aba600000,0x0000004aba700000)]
  0x000001a6a3afd000 JavaThread "Unconstrained build operations Thread 35" [_thread_blocked, id=1572, stack(0x0000004aba700000,0x0000004aba800000)]
  0x000001a6a3afe000 JavaThread "Unconstrained build operations Thread 36" [_thread_blocked, id=6940, stack(0x0000004aba800000,0x0000004aba900000)]
  0x000001a6a3afe800 JavaThread "Unconstrained build operations Thread 37" [_thread_blocked, id=3696, stack(0x0000004aba900000,0x0000004abaa00000)]
  0x000001a6a3aff800 JavaThread "Unconstrained build operations Thread 38" [_thread_blocked, id=8880, stack(0x0000004abaa00000,0x0000004abab00000)]
  0x000001a6a3b01000 JavaThread "Unconstrained build operations Thread 39" [_thread_blocked, id=8012, stack(0x0000004abab00000,0x0000004abac00000)]
  0x000001a6a360f000 JavaThread "Unconstrained build operations Thread 40" [_thread_blocked, id=8412, stack(0x0000004abac00000,0x0000004abad00000)]
  0x000001a6a360c800 JavaThread "Unconstrained build operations Thread 41" [_thread_blocked, id=8668, stack(0x0000004abad00000,0x0000004abae00000)]
  0x000001a6a360b000 JavaThread "Unconstrained build operations Thread 42" [_thread_blocked, id=8400, stack(0x0000004abae00000,0x0000004abaf00000)]
  0x000001a6a3609800 JavaThread "Unconstrained build operations Thread 43" [_thread_blocked, id=2108, stack(0x0000004abaf00000,0x0000004abb000000)]
  0x000001a6a360d800 JavaThread "Unconstrained build operations Thread 44" [_thread_blocked, id=6308, stack(0x0000004abb000000,0x0000004abb100000)]
  0x000001a6a3610000 JavaThread "Unconstrained build operations Thread 45" [_thread_blocked, id=6460, stack(0x0000004abb100000,0x0000004abb200000)]
  0x000001a6a360a000 JavaThread "Unconstrained build operations Thread 46" [_thread_blocked, id=9640, stack(0x0000004abb200000,0x0000004abb300000)]
  0x000001a6a3610800 JavaThread "Unconstrained build operations Thread 47" [_thread_blocked, id=1392, stack(0x0000004abb300000,0x0000004abb400000)]
  0x000001a6a3611800 JavaThread "Unconstrained build operations Thread 48" [_thread_blocked, id=9308, stack(0x0000004abb400000,0x0000004abb500000)]
  0x000001a6a360e000 JavaThread "Unconstrained build operations Thread 49" [_thread_blocked, id=9252, stack(0x0000004abb500000,0x0000004abb600000)]
  0x000001a6a360b800 JavaThread "Unconstrained build operations Thread 50" [_thread_blocked, id=3216, stack(0x0000004abb600000,0x0000004abb700000)]
  0x000001a6a3613000 JavaThread "Unconstrained build operations Thread 51" [_thread_blocked, id=9372, stack(0x0000004abb700000,0x0000004abb800000)]
  0x000001a6a3614000 JavaThread "Unconstrained build operations Thread 52" [_thread_blocked, id=7888, stack(0x0000004abb800000,0x0000004abb900000)]
  0x000001a6a3614800 JavaThread "Unconstrained build operations Thread 53" [_thread_blocked, id=6268, stack(0x0000004abb900000,0x0000004abba00000)]
  0x000001a6a3615800 JavaThread "Unconstrained build operations Thread 54" [_thread_blocked, id=8188, stack(0x0000004abba00000,0x0000004abbb00000)]
  0x000001a6a3616800 JavaThread "Unconstrained build operations Thread 55" [_thread_blocked, id=7128, stack(0x0000004abbb00000,0x0000004abbc00000)]
  0x000001a6a3617000 JavaThread "Unconstrained build operations Thread 56" [_thread_blocked, id=5228, stack(0x0000004abbc00000,0x0000004abbd00000)]
  0x000001a6a3612800 JavaThread "Unconstrained build operations Thread 57" [_thread_blocked, id=6832, stack(0x0000004abbd00000,0x0000004abbe00000)]
  0x000001a6a3618000 JavaThread "Unconstrained build operations Thread 58" [_thread_blocked, id=5640, stack(0x0000004abbe00000,0x0000004abbf00000)]
  0x000001a6a3915800 JavaThread "Unconstrained build operations Thread 59" [_thread_blocked, id=3452, stack(0x0000004abbf00000,0x0000004abc000000)]
  0x000001a6a3916800 JavaThread "Unconstrained build operations Thread 60" [_thread_blocked, id=2424, stack(0x0000004abc000000,0x0000004abc100000)]
  0x000001a6a3917800 JavaThread "Unconstrained build operations Thread 61" [_thread_blocked, id=8088, stack(0x0000004abc100000,0x0000004abc200000)]
  0x000001a6a3918000 JavaThread "Unconstrained build operations Thread 62" [_thread_blocked, id=3748, stack(0x0000004abc200000,0x0000004abc300000)]
  0x000001a6a3919000 JavaThread "Unconstrained build operations Thread 63" [_thread_blocked, id=1192, stack(0x0000004abc300000,0x0000004abc400000)]
  0x000001a6a391a000 JavaThread "Unconstrained build operations Thread 64" [_thread_blocked, id=8760, stack(0x0000004abc400000,0x0000004abc500000)]
  0x000001a6a3914000 JavaThread "Unconstrained build operations Thread 65" [_thread_blocked, id=7780, stack(0x0000004abc500000,0x0000004abc600000)]
  0x000001a6a3915000 JavaThread "Unconstrained build operations Thread 66" [_thread_blocked, id=4172, stack(0x0000004abc600000,0x0000004abc700000)]
  0x000001a6a391a800 JavaThread "Unconstrained build operations Thread 67" [_thread_blocked, id=5740, stack(0x0000004abc700000,0x0000004abc800000)]
  0x000001a6a391b800 JavaThread "Unconstrained build operations Thread 68" [_thread_blocked, id=1756, stack(0x0000004abc800000,0x0000004abc900000)]
  0x000001a6a391c000 JavaThread "Unconstrained build operations Thread 69" [_thread_blocked, id=1844, stack(0x0000004abc900000,0x0000004abca00000)]
  0x000001a6a391e000 JavaThread "Unconstrained build operations Thread 70" [_thread_blocked, id=3640, stack(0x0000004abca00000,0x0000004abcb00000)]
  0x000001a6a391e800 JavaThread "Unconstrained build operations Thread 71" [_thread_blocked, id=9916, stack(0x0000004abcb00000,0x0000004abcc00000)]
  0x000001a6a391d000 JavaThread "Unconstrained build operations Thread 72" [_thread_blocked, id=6772, stack(0x0000004abcc00000,0x0000004abcd00000)]
  0x000001a6a391f800 JavaThread "Unconstrained build operations Thread 73" [_thread_blocked, id=9712, stack(0x0000004abcd00000,0x0000004abce00000)]
  0x000001a6a3920800 JavaThread "Unconstrained build operations Thread 74" [_thread_blocked, id=8196, stack(0x0000004abce00000,0x0000004abcf00000)]
  0x000001a6a3921000 JavaThread "Unconstrained build operations Thread 75" [_thread_blocked, id=7828, stack(0x0000004abcf00000,0x0000004abd000000)]
  0x000001a6a3922000 JavaThread "Unconstrained build operations Thread 76" [_thread_blocked, id=9612, stack(0x0000004abd000000,0x0000004abd100000)]
  0x000001a6a3923000 JavaThread "Unconstrained build operations Thread 77" [_thread_blocked, id=6156, stack(0x0000004abd100000,0x0000004abd200000)]
  0x000001a6a3d1c000 JavaThread "Unconstrained build operations Thread 78" [_thread_blocked, id=8064, stack(0x0000004abd200000,0x0000004abd300000)]
  0x000001a6a3d1b800 JavaThread "Unconstrained build operations Thread 79" [_thread_blocked, id=724, stack(0x0000004abd300000,0x0000004abd400000)]
  0x000001a6a3d19000 JavaThread "Unconstrained build operations Thread 80" [_thread_blocked, id=8904, stack(0x0000004abd400000,0x0000004abd500000)]
  0x000001a6a3d1d000 JavaThread "Unconstrained build operations Thread 81" [_thread_blocked, id=9080, stack(0x0000004abd500000,0x0000004abd600000)]
  0x000001a6a3d19800 JavaThread "Unconstrained build operations Thread 82" [_thread_blocked, id=2244, stack(0x0000004abd600000,0x0000004abd700000)]
  0x000001a6a3d1a800 JavaThread "Unconstrained build operations Thread 83" [_thread_blocked, id=1196, stack(0x0000004abd700000,0x0000004abd800000)]
  0x000001a6a3d1e000 JavaThread "Unconstrained build operations Thread 84" [_thread_blocked, id=3560, stack(0x0000004abd800000,0x0000004abd900000)]
  0x000001a6a3d18000 JavaThread "Unconstrained build operations Thread 85" [_thread_blocked, id=5292, stack(0x0000004abd900000,0x0000004abda00000)]
  0x000001a6a3d1f800 JavaThread "Unconstrained build operations Thread 86" [_thread_blocked, id=9760, stack(0x0000004abda00000,0x0000004abdb00000)]
  0x000001a6a3d22800 JavaThread "Unconstrained build operations Thread 87" [_thread_blocked, id=7104, stack(0x0000004abdb00000,0x0000004abdc00000)]
  0x000001a6a3d23800 JavaThread "Unconstrained build operations Thread 88" [_thread_blocked, id=3664, stack(0x0000004abdc00000,0x0000004abdd00000)]
  0x000001a6a3d20800 JavaThread "Unconstrained build operations Thread 89" [_thread_blocked, id=2396, stack(0x0000004abdd00000,0x0000004abde00000)]
  0x000001a6a3d22000 JavaThread "Unconstrained build operations Thread 90" [_thread_blocked, id=8276, stack(0x0000004abde00000,0x0000004abdf00000)]
  0x000001a6a3d24800 JavaThread "Unconstrained build operations Thread 91" [_thread_blocked, id=1132, stack(0x0000004abdf00000,0x0000004abe000000)]
  0x000001a6a3d21000 JavaThread "Unconstrained build operations Thread 92" [_thread_blocked, id=2988, stack(0x0000004abe000000,0x0000004abe100000)]
  0x000001a6a3d1e800 JavaThread "Unconstrained build operations Thread 93" [_thread_blocked, id=9684, stack(0x0000004abe100000,0x0000004abe200000)]
  0x000001a6a3d25000 JavaThread "Unconstrained build operations Thread 94" [_thread_blocked, id=5388, stack(0x0000004abe200000,0x0000004abe300000)]
  0x000001a6a3d26000 JavaThread "Unconstrained build operations Thread 95" [_thread_blocked, id=2984, stack(0x0000004abe300000,0x0000004abe400000)]
  0x000001a6a3d27000 JavaThread "Unconstrained build operations Thread 96" [_thread_blocked, id=9148, stack(0x0000004abe400000,0x0000004abe500000)]
  0x000001a6a4247000 JavaThread "Unconstrained build operations Thread 97" [_thread_blocked, id=9172, stack(0x0000004abe500000,0x0000004abe600000)]
  0x000001a6a4249800 JavaThread "Unconstrained build operations Thread 98" [_thread_blocked, id=6248, stack(0x0000004abe600000,0x0000004abe700000)]
  0x000001a6a424b000 JavaThread "Unconstrained build operations Thread 99" [_thread_blocked, id=6260, stack(0x0000004abe700000,0x0000004abe800000)]
  0x000001a6a4248800 JavaThread "Unconstrained build operations Thread 100" [_thread_blocked, id=2816, stack(0x0000004abe800000,0x0000004abe900000)]
  0x000001a6a424a000 JavaThread "Unconstrained build operations Thread 101" [_thread_blocked, id=3016, stack(0x0000004abe900000,0x0000004abea00000)]
  0x000001a6a4246000 JavaThread "Unconstrained build operations Thread 102" [_thread_blocked, id=7224, stack(0x0000004abea00000,0x0000004abeb00000)]
  0x000001a6a4245800 JavaThread "Unconstrained build operations Thread 103" [_thread_blocked, id=3528, stack(0x0000004abeb00000,0x0000004abec00000)]
  0x000001a6a424c000 JavaThread "Unconstrained build operations Thread 104" [_thread_blocked, id=9988, stack(0x0000004abec00000,0x0000004abed00000)]
  0x000001a6a424c800 JavaThread "Unconstrained build operations Thread 105" [_thread_blocked, id=9036, stack(0x0000004abed00000,0x0000004abee00000)]
  0x000001a6a424d800 JavaThread "Unconstrained build operations Thread 106" [_thread_blocked, id=3088, stack(0x0000004abee00000,0x0000004abef00000)]
  0x000001a6a4247800 JavaThread "Unconstrained build operations Thread 107" [_thread_blocked, id=5572, stack(0x0000004abef00000,0x0000004abf000000)]
  0x000001a6a424e800 JavaThread "Unconstrained build operations Thread 108" [_thread_blocked, id=7300, stack(0x0000004abf000000,0x0000004abf100000)]
  0x000001a6a4254000 JavaThread "Unconstrained build operations Thread 109" [_thread_blocked, id=2748, stack(0x0000004abf100000,0x0000004abf200000)]
  0x000001a6a4250000 JavaThread "Unconstrained build operations Thread 110" [_thread_blocked, id=7952, stack(0x0000004abf200000,0x0000004abf300000)]
  0x000001a6a4250800 JavaThread "Unconstrained build operations Thread 111" [_thread_blocked, id=7792, stack(0x0000004abf300000,0x0000004abf400000)]
  0x000001a6a4251800 JavaThread "Unconstrained build operations Thread 112" [_thread_blocked, id=1944, stack(0x0000004abf400000,0x0000004abf500000)]
  0x000001a6a4252800 JavaThread "Unconstrained build operations Thread 113" [_thread_blocked, id=3720, stack(0x0000004abf500000,0x0000004abf600000)]
  0x000001a6a4253000 JavaThread "Unconstrained build operations Thread 114" [_thread_blocked, id=5488, stack(0x0000004abf600000,0x0000004abf700000)]
  0x000001a6a424f000 JavaThread "Unconstrained build operations Thread 115" [_thread_blocked, id=3888, stack(0x0000004abf700000,0x0000004abf800000)]
  0x000001a6a4284800 JavaThread "Unconstrained build operations Thread 116" [_thread_blocked, id=7136, stack(0x0000004abf800000,0x0000004abf900000)]
  0x000001a6a4280800 JavaThread "Unconstrained build operations Thread 117" [_thread_blocked, id=1712, stack(0x0000004abf900000,0x0000004abfa00000)]
  0x000001a6a4282000 JavaThread "Unconstrained build operations Thread 118" [_thread_blocked, id=8644, stack(0x0000004abfa00000,0x0000004abfb00000)]
  0x000001a6a4282800 JavaThread "Unconstrained build operations Thread 119" [_thread_blocked, id=8532, stack(0x0000004abfb00000,0x0000004abfc00000)]
  0x000001a6a4287000 JavaThread "Unconstrained build operations Thread 120" [_thread_blocked, id=7572, stack(0x0000004abfc00000,0x0000004abfd00000)]
  0x000001a6a4281000 JavaThread "Memory manager" [_thread_blocked, id=7164, stack(0x0000004abfd00000,0x0000004abfe00000)]

Other Threads:
=>0x000001a69dd04800 VMThread "VM Thread" [stack: 0x0000004ab3f00000,0x0000004ab4000000] [id=808]
  0x000001a69def6800 WatcherThread [stack: 0x0000004ab4900000,0x0000004ab4a00000] [id=604]
  0x000001a682c06000 GCTaskThread "GC Thread#0" [stack: 0x0000004ab3a00000,0x0000004ab3b00000] [id=2752]
  0x000001a69ecb3800 GCTaskThread "GC Thread#1" [stack: 0x0000004ab5700000,0x0000004ab5800000] [id=9956]
  0x000001a69e66e800 GCTaskThread "GC Thread#2" [stack: 0x0000004ab5800000,0x0000004ab5900000] [id=7028]
  0x000001a6a0210000 GCTaskThread "GC Thread#3" [stack: 0x0000004ab6300000,0x0000004ab6400000] [id=2236]
  0x000001a6a0215800 GCTaskThread "GC Thread#4" [stack: 0x0000004ab6400000,0x0000004ab6500000] [id=4064]
  0x000001a6a1b75800 GCTaskThread "GC Thread#5" [stack: 0x0000004ab6500000,0x0000004ab6600000] [id=8996]
  0x000001a6a1a1d800 GCTaskThread "GC Thread#6" [stack: 0x0000004ab6600000,0x0000004ab6700000] [id=4812]
  0x000001a6a1b7a800 GCTaskThread "GC Thread#7" [stack: 0x0000004ab6700000,0x0000004ab6800000] [id=2956]
  0x000001a6a1b7a000 GCTaskThread "GC Thread#8" [stack: 0x0000004ab6800000,0x0000004ab6900000] [id=5464]
  0x000001a6a1b76000 GCTaskThread "GC Thread#9" [stack: 0x0000004ab6900000,0x0000004ab6a00000] [id=5752]
  0x000001a682c36800 ConcurrentGCThread "G1 Main Marker" [stack: 0x0000004ab3b00000,0x0000004ab3c00000] [id=3536]
  0x000001a682c38000 ConcurrentGCThread "G1 Conc#0" [stack: 0x0000004ab3c00000,0x0000004ab3d00000] [id=1584]
  0x000001a6a1b7b800 ConcurrentGCThread "G1 Conc#1" [stack: 0x0000004ab6c00000,0x0000004ab6d00000] [id=152]
  0x000001a6a1b7c000 ConcurrentGCThread "G1 Conc#2" [stack: 0x0000004ab6d00000,0x0000004ab6e00000] [id=720]
  0x000001a69d337800 ConcurrentGCThread "G1 Refine#0" [stack: 0x0000004ab3d00000,0x0000004ab3e00000] [id=5240]
  0x000001a69d338800 ConcurrentGCThread "G1 Young RemSet Sampling" [stack: 0x0000004ab3e00000,0x0000004ab3f00000] [id=1404]

Threads with active compile tasks:
C2 CompilerThread0     4535 6561       4       org.objectweb.asm.SymbolTable::addConstantMemberReference (147 bytes)

VM state:at safepoint (normal execution)

VM Mutex/Monitor currently owned by a thread:  ([mutex/lock_event])
[0x000001a682beaa60] Threads_lock - owner thread: 0x000001a69dd04800
[0x000001a682beb240] Heap_lock - owner thread: 0x000001a6a02f7000

Heap address: 0x0000000080000000, size: 2048 MB, Compressed Oops mode: 32-bit
Narrow klass base: 0x0000000000000000, Narrow klass shift: 3
Compressed class space size: 1073741824 Address: 0x0000000100000000

Heap:
 garbage-first heap   total 225280K, used 105748K [0x0000000080000000, 0x0000000100000000)
  region size 1024K, 3 young (3072K), 3 survivors (3072K)
 Metaspace       used 64933K, capacity 66884K, committed 67024K, reserved 1107968K
  class space    used 8277K, capacity 8993K, committed 9088K, reserved 1048576K
Heap Regions: E=young(eden), S=young(survivor), O=old, HS=humongous(starts), HC=humongous(continues), CS=collection set, F=free, A=archive, TAMS=top-at-mark-start (previous, next)
|   0|0x0000000080000000, 0x0000000080100000, 0x0000000080100000|100%| O|  |TAMS 0x0000000080100000, 0x0000000080000000| Untracked 
|   1|0x0000000080100000, 0x0000000080200000, 0x0000000080200000|100%| O|  |TAMS 0x0000000080200000, 0x0000000080100000| Untracked 
|   2|0x0000000080200000, 0x0000000080300000, 0x0000000080300000|100%| O|  |TAMS 0x0000000080300000, 0x0000000080200000| Untracked 
|   3|0x0000000080300000, 0x0000000080400000, 0x0000000080400000|100%|HS|  |TAMS 0x0000000080400000, 0x0000000080300000| Complete 
|   4|0x0000000080400000, 0x0000000080500000, 0x0000000080500000|100%|HC|  |TAMS 0x0000000080500000, 0x0000000080400000| Complete 
|   5|0x0000000080500000, 0x0000000080600000, 0x0000000080600000|100%|HC|  |TAMS 0x0000000080600000, 0x0000000080500000| Complete 
|   6|0x0000000080600000, 0x0000000080700000, 0x0000000080700000|100%| O|  |TAMS 0x0000000080700000, 0x0000000080600000| Untracked 
|   7|0x0000000080700000, 0x0000000080800000, 0x0000000080800000|100%| O|  |TAMS 0x0000000080800000, 0x0000000080700000| Untracked 
|   8|0x0000000080800000, 0x0000000080900000, 0x0000000080900000|100%| O|  |TAMS 0x0000000080900000, 0x0000000080800000| Untracked 
|   9|0x0000000080900000, 0x0000000080a00000, 0x0000000080a00000|100%| O|  |TAMS 0x0000000080a00000, 0x0000000080900000| Untracked 
|  10|0x0000000080a00000, 0x0000000080b00000, 0x0000000080b00000|100%| O|  |TAMS 0x0000000080b00000, 0x0000000080a00000| Untracked 
|  11|0x0000000080b00000, 0x0000000080c00000, 0x0000000080c00000|100%| O|  |TAMS 0x0000000080c00000, 0x0000000080b00000| Untracked 
|  12|0x0000000080c00000, 0x0000000080d00000, 0x0000000080d00000|100%| O|  |TAMS 0x0000000080d00000, 0x0000000080c00000| Untracked 
|  13|0x0000000080d00000, 0x0000000080e00000, 0x0000000080e00000|100%| O|  |TAMS 0x0000000080e00000, 0x0000000080d00000| Untracked 
|  14|0x0000000080e00000, 0x0000000080f00000, 0x0000000080f00000|100%| O|  |TAMS 0x0000000080f00000, 0x0000000080e00000| Untracked 
|  15|0x0000000080f00000, 0x0000000081000000, 0x0000000081000000|100%| O|  |TAMS 0x0000000081000000, 0x0000000080f00000| Untracked 
|  16|0x0000000081000000, 0x0000000081100000, 0x0000000081100000|100%|HS|  |TAMS 0x0000000081100000, 0x0000000081000000| Complete 
|  17|0x0000000081100000, 0x0000000081200000, 0x0000000081200000|100%|HC|  |TAMS 0x0000000081200000, 0x0000000081100000| Complete 
|  18|0x0000000081200000, 0x0000000081300000, 0x0000000081300000|100%|HS|  |TAMS 0x0000000081300000, 0x0000000081200000| Complete 
|  19|0x0000000081300000, 0x0000000081400000, 0x0000000081400000|100%|HC|  |TAMS 0x0000000081400000, 0x0000000081300000| Complete 
|  20|0x0000000081400000, 0x0000000081500000, 0x0000000081500000|100%|HC|  |TAMS 0x0000000081500000, 0x0000000081400000| Complete 
|  21|0x0000000081500000, 0x0000000081600000, 0x0000000081600000|100%|HS|  |TAMS 0x0000000081600000, 0x0000000081500000| Complete 
|  22|0x0000000081600000, 0x0000000081700000, 0x0000000081700000|100%|HC|  |TAMS 0x0000000081700000, 0x0000000081600000| Complete 
|  23|0x0000000081700000, 0x0000000081800000, 0x0000000081800000|100%|HC|  |TAMS 0x0000000081800000, 0x0000000081700000| Complete 
|  24|0x0000000081800000, 0x0000000081900000, 0x0000000081900000|100%|HS|  |TAMS 0x0000000081900000, 0x0000000081800000| Complete 
|  25|0x0000000081900000, 0x0000000081a00000, 0x0000000081a00000|100%|HC|  |TAMS 0x0000000081a00000, 0x0000000081900000| Complete 
|  26|0x0000000081a00000, 0x0000000081b00000, 0x0000000081b00000|100%|HS|  |TAMS 0x0000000081b00000, 0x0000000081a00000| Complete 
|  27|0x0000000081b00000, 0x0000000081c00000, 0x0000000081c00000|100%|HC|  |TAMS 0x0000000081c00000, 0x0000000081b00000| Complete 
|  28|0x0000000081c00000, 0x0000000081d00000, 0x0000000081d00000|100%|HC|  |TAMS 0x0000000081d00000, 0x0000000081c00000| Complete 
|  29|0x0000000081d00000, 0x0000000081e00000, 0x0000000081e00000|100%|HC|  |TAMS 0x0000000081e00000, 0x0000000081d00000| Complete 
|  30|0x0000000081e00000, 0x0000000081f00000, 0x0000000081f00000|100%|HC|  |TAMS 0x0000000081f00000, 0x0000000081e00000| Complete 
|  31|0x0000000081f00000, 0x0000000082000000, 0x0000000082000000|100%| O|  |TAMS 0x0000000082000000, 0x0000000081f00000| Untracked 
|  32|0x0000000082000000, 0x0000000082100000, 0x0000000082100000|100%| O|  |TAMS 0x0000000082100000, 0x0000000082000000| Untracked 
|  33|0x0000000082100000, 0x0000000082200000, 0x0000000082200000|100%| O|  |TAMS 0x0000000082200000, 0x0000000082100000| Untracked 
|  34|0x0000000082200000, 0x0000000082300000, 0x0000000082300000|100%| O|  |TAMS 0x0000000082300000, 0x0000000082200000| Untracked 
|  35|0x0000000082300000, 0x0000000082400000, 0x0000000082400000|100%| O|  |TAMS 0x0000000082400000, 0x0000000082300000| Untracked 
|  36|0x0000000082400000, 0x0000000082500000, 0x0000000082500000|100%| O|  |TAMS 0x0000000082500000, 0x0000000082400000| Untracked 
|  37|0x0000000082500000, 0x0000000082600000, 0x0000000082600000|100%| O|  |TAMS 0x0000000082600000, 0x0000000082500000| Untracked 
|  38|0x0000000082600000, 0x0000000082700000, 0x0000000082700000|100%| O|  |TAMS 0x0000000082700000, 0x0000000082600000| Untracked 
|  39|0x0000000082700000, 0x0000000082800000, 0x0000000082800000|100%|HS|  |TAMS 0x0000000082800000, 0x0000000082700000| Complete 
|  40|0x0000000082800000, 0x0000000082900000, 0x0000000082900000|100%|HC|  |TAMS 0x0000000082900000, 0x0000000082800000| Complete 
|  41|0x0000000082900000, 0x0000000082a00000, 0x0000000082a00000|100%|HC|  |TAMS 0x0000000082a00000, 0x0000000082900000| Complete 
|  42|0x0000000082a00000, 0x0000000082b00000, 0x0000000082b00000|100%|HC|  |TAMS 0x0000000082b00000, 0x0000000082a00000| Complete 
|  43|0x0000000082b00000, 0x0000000082c00000, 0x0000000082c00000|100%|HC|  |TAMS 0x0000000082c00000, 0x0000000082b00000| Complete 
|  44|0x0000000082c00000, 0x0000000082d00000, 0x0000000082d00000|100%|HC|  |TAMS 0x0000000082d00000, 0x0000000082c00000| Complete 
|  45|0x0000000082d00000, 0x0000000082e00000, 0x0000000082e00000|100%|HC|  |TAMS 0x0000000082e00000, 0x0000000082d00000| Complete 
|  46|0x0000000082e00000, 0x0000000082f00000, 0x0000000082f00000|100%|HC|  |TAMS 0x0000000082f00000, 0x0000000082e00000| Complete 
|  47|0x0000000082f00000, 0x0000000083000000, 0x0000000083000000|100%|HC|  |TAMS 0x0000000083000000, 0x0000000082f00000| Complete 
|  48|0x0000000083000000, 0x0000000083100000, 0x0000000083100000|100%|HC|  |TAMS 0x0000000083100000, 0x0000000083000000| Complete 
|  49|0x0000000083100000, 0x0000000083200000, 0x0000000083200000|100%|HS|  |TAMS 0x0000000083200000, 0x0000000083100000| Complete 
|  50|0x0000000083200000, 0x0000000083300000, 0x0000000083300000|100%|HC|  |TAMS 0x0000000083300000, 0x0000000083200000| Complete 
|  51|0x0000000083300000, 0x0000000083400000, 0x0000000083400000|100%|HS|  |TAMS 0x0000000083400000, 0x0000000083300000| Complete 
|  52|0x0000000083400000, 0x0000000083500000, 0x0000000083500000|100%|HC|  |TAMS 0x0000000083500000, 0x0000000083400000| Complete 
|  53|0x0000000083500000, 0x0000000083600000, 0x0000000083600000|100%|HC|  |TAMS 0x0000000083600000, 0x0000000083500000| Complete 
|  54|0x0000000083600000, 0x0000000083700000, 0x0000000083700000|100%|HS|  |TAMS 0x0000000083700000, 0x0000000083600000| Complete 
|  55|0x0000000083700000, 0x0000000083800000, 0x0000000083800000|100%|HC|  |TAMS 0x0000000083800000, 0x0000000083700000| Complete 
|  56|0x0000000083800000, 0x0000000083900000, 0x0000000083900000|100%|HS|  |TAMS 0x0000000083900000, 0x0000000083800000| Complete 
|  57|0x0000000083900000, 0x0000000083a00000, 0x0000000083a00000|100%|HC|  |TAMS 0x0000000083a00000, 0x0000000083900000| Complete 
|  58|0x0000000083a00000, 0x0000000083b00000, 0x0000000083b00000|100%|HC|  |TAMS 0x0000000083b00000, 0x0000000083a00000| Complete 
|  59|0x0000000083b00000, 0x0000000083c00000, 0x0000000083c00000|100%| O|  |TAMS 0x0000000083c00000, 0x0000000083b00000| Untracked 
|  60|0x0000000083c00000, 0x0000000083d00000, 0x0000000083d00000|100%| O|  |TAMS 0x0000000083d00000, 0x0000000083c00000| Untracked 
|  61|0x0000000083d00000, 0x0000000083e00000, 0x0000000083e00000|100%| O|  |TAMS 0x0000000083e00000, 0x0000000083d00000| Untracked 
|  62|0x0000000083e00000, 0x0000000083f00000, 0x0000000083f00000|100%| O|  |TAMS 0x0000000083f00000, 0x0000000083e00000| Untracked 
|  63|0x0000000083f00000, 0x0000000084000000, 0x0000000084000000|100%| O|  |TAMS 0x0000000084000000, 0x0000000083f00000| Untracked 
|  64|0x0000000084000000, 0x0000000084100000, 0x0000000084100000|100%| O|  |TAMS 0x0000000084100000, 0x0000000084000000| Untracked 
|  65|0x0000000084100000, 0x0000000084200000, 0x0000000084200000|100%| O|  |TAMS 0x0000000084200000, 0x0000000084100000| Untracked 
|  66|0x0000000084200000, 0x0000000084300000, 0x0000000084300000|100%| O|  |TAMS 0x0000000084300000, 0x0000000084200000| Untracked 
|  67|0x0000000084300000, 0x0000000084400000, 0x0000000084400000|100%| O|  |TAMS 0x0000000084400000, 0x0000000084300000| Untracked 
|  68|0x0000000084400000, 0x0000000084500000, 0x0000000084500000|100%| O|  |TAMS 0x0000000084500000, 0x0000000084400000| Untracked 
|  69|0x0000000084500000, 0x0000000084600000, 0x0000000084600000|100%| O|  |TAMS 0x0000000084600000, 0x0000000084500000| Untracked 
|  70|0x0000000084600000, 0x0000000084700000, 0x0000000084700000|100%|HS|  |TAMS 0x0000000084700000, 0x0000000084600000| Complete 
|  71|0x0000000084700000, 0x0000000084800000, 0x0000000084800000|100%|HC|  |TAMS 0x0000000084800000, 0x0000000084700000| Complete 
|  72|0x0000000084800000, 0x0000000084900000, 0x0000000084900000|100%|HC|  |TAMS 0x0000000084900000, 0x0000000084800000| Complete 
|  73|0x0000000084900000, 0x0000000084a00000, 0x0000000084a00000|100%|HC|  |TAMS 0x0000000084a00000, 0x0000000084900000| Complete 
|  74|0x0000000084a00000, 0x0000000084b00000, 0x0000000084b00000|100%|HC|  |TAMS 0x0000000084b00000, 0x0000000084a00000| Complete 
|  75|0x0000000084b00000, 0x0000000084c00000, 0x0000000084c00000|100%|HS|  |TAMS 0x0000000084c00000, 0x0000000084b00000| Complete 
|  76|0x0000000084c00000, 0x0000000084d00000, 0x0000000084d00000|100%|HS|  |TAMS 0x0000000084d00000, 0x0000000084c00000| Complete 
|  77|0x0000000084d00000, 0x0000000084e00000, 0x0000000084e00000|100%|HC|  |TAMS 0x0000000084e00000, 0x0000000084d00000| Complete 
|  78|0x0000000084e00000, 0x0000000084f00000, 0x0000000084f00000|100%|HS|  |TAMS 0x0000000084f00000, 0x0000000084e00000| Complete 
|  79|0x0000000084f00000, 0x0000000085000000, 0x0000000085000000|100%|HS|  |TAMS 0x0000000085000000, 0x0000000084f00000| Complete 
|  80|0x0000000085000000, 0x0000000085100000, 0x0000000085100000|100%|HC|  |TAMS 0x0000000085100000, 0x0000000085000000| Complete 
|  81|0x0000000085100000, 0x0000000085200000, 0x0000000085200000|100%|HC|  |TAMS 0x0000000085200000, 0x0000000085100000| Complete 
|  82|0x0000000085200000, 0x0000000085300000, 0x0000000085300000|100%|HC|  |TAMS 0x0000000085300000, 0x0000000085200000| Complete 
|  83|0x0000000085300000, 0x0000000085400000, 0x0000000085400000|100%| O|  |TAMS 0x0000000085400000, 0x0000000085300000| Untracked 
|  84|0x0000000085400000, 0x0000000085500000, 0x0000000085500000|100%| O|  |TAMS 0x0000000085500000, 0x0000000085400000| Untracked 
|  85|0x0000000085500000, 0x0000000085600000, 0x0000000085600000|100%| O|  |TAMS 0x0000000085600000, 0x0000000085500000| Untracked 
|  86|0x0000000085600000, 0x0000000085600000, 0x0000000085700000|  0%| F|  |TAMS 0x0000000085600000, 0x0000000085600000| Untracked 
|  87|0x0000000085700000, 0x0000000085800000, 0x0000000085800000|100%| O|  |TAMS 0x0000000085800000, 0x0000000085700000| Untracked 
|  88|0x0000000085800000, 0x0000000085900000, 0x0000000085900000|100%| O|  |TAMS 0x0000000085900000, 0x0000000085800000| Untracked 
|  89|0x0000000085900000, 0x0000000085a00000, 0x0000000085a00000|100%| O|  |TAMS 0x0000000085a00000, 0x0000000085900000| Untracked 
|  90|0x0000000085a00000, 0x0000000085b00000, 0x0000000085b00000|100%| O|  |TAMS 0x0000000085b00000, 0x0000000085a00000| Untracked 
|  91|0x0000000085b00000, 0x0000000085c00000, 0x0000000085c00000|100%| O|  |TAMS 0x0000000085c00000, 0x0000000085b00000| Untracked 
|  92|0x0000000085c00000, 0x0000000085d00000, 0x0000000085d00000|100%| O|  |TAMS 0x0000000085d00000, 0x0000000085c00000| Untracked 
|  93|0x0000000085d00000, 0x0000000085e00000, 0x0000000085e00000|100%| O|  |TAMS 0x0000000085e00000, 0x0000000085d00000| Untracked 
|  94|0x0000000085e00000, 0x0000000085f00000, 0x0000000085f00000|100%| O|  |TAMS 0x0000000085f00000, 0x0000000085e00000| Untracked 
|  95|0x0000000085f00000, 0x0000000085f00000, 0x0000000086000000|  0%| F|  |TAMS 0x0000000085f00000, 0x0000000085f00000| Untracked 
|  96|0x0000000086000000, 0x0000000086000000, 0x0000000086100000|  0%| F|  |TAMS 0x0000000086000000, 0x0000000086000000| Untracked 
|  97|0x0000000086100000, 0x0000000086100000, 0x0000000086200000|  0%| F|  |TAMS 0x0000000086100000, 0x0000000086100000| Untracked 
|  98|0x0000000086200000, 0x0000000086200000, 0x0000000086300000|  0%| F|  |TAMS 0x0000000086200000, 0x0000000086200000| Untracked 
|  99|0x0000000086300000, 0x0000000086400000, 0x0000000086400000|100%| O|  |TAMS 0x0000000086400000, 0x0000000086300000| Untracked 
| 100|0x0000000086400000, 0x0000000086500000, 0x0000000086500000|100%| O|  |TAMS 0x0000000086500000, 0x0000000086400000| Untracked 
| 101|0x0000000086500000, 0x0000000086600000, 0x0000000086600000|100%| O|  |TAMS 0x0000000086600000, 0x0000000086500000| Untracked 
| 102|0x0000000086600000, 0x0000000086700000, 0x0000000086700000|100%| O|  |TAMS 0x0000000086631400, 0x0000000086600000| Untracked 
| 103|0x0000000086700000, 0x0000000086800000, 0x0000000086800000|100%| O|  |TAMS 0x0000000086700000, 0x0000000086700000| Untracked 
| 104|0x0000000086800000, 0x0000000086900000, 0x0000000086900000|100%| O|  |TAMS 0x0000000086800000, 0x0000000086800000| Untracked 
| 105|0x0000000086900000, 0x0000000086a00000, 0x0000000086a00000|100%| O|  |TAMS 0x0000000086900000, 0x0000000086900000| Untracked 
| 106|0x0000000086a00000, 0x0000000086a2ca00, 0x0000000086b00000| 17%| O|  |TAMS 0x0000000086a00000, 0x0000000086a00000| Untracked 
| 107|0x0000000086b00000, 0x0000000086b00000, 0x0000000086c00000|  0%| F|  |TAMS 0x0000000086b00000, 0x0000000086b00000| Untracked 
| 108|0x0000000086c00000, 0x0000000086c00000, 0x0000000086d00000|  0%| F|  |TAMS 0x0000000086c00000, 0x0000000086c00000| Untracked 
| 109|0x0000000086d00000, 0x0000000086d00000, 0x0000000086e00000|  0%| F|  |TAMS 0x0000000086d00000, 0x0000000086d00000| Untracked 
| 110|0x0000000086e00000, 0x0000000086e00000, 0x0000000086f00000|  0%| F|  |TAMS 0x0000000086e00000, 0x0000000086e00000| Untracked 
| 111|0x0000000086f00000, 0x0000000086f00000, 0x0000000087000000|  0%| F|  |TAMS 0x0000000086f00000, 0x0000000086f00000| Untracked 
| 112|0x0000000087000000, 0x0000000087000000, 0x0000000087100000|  0%| F|  |TAMS 0x0000000087000000, 0x0000000087000000| Untracked 
| 113|0x0000000087100000, 0x0000000087100000, 0x0000000087200000|  0%| F|  |TAMS 0x0000000087100000, 0x0000000087100000| Untracked 
| 114|0x0000000087200000, 0x0000000087200000, 0x0000000087300000|  0%| F|  |TAMS 0x0000000087200000, 0x0000000087200000| Untracked 
| 115|0x0000000087300000, 0x0000000087300000, 0x0000000087400000|  0%| F|  |TAMS 0x0000000087300000, 0x0000000087300000| Untracked 
| 116|0x0000000087400000, 0x0000000087400000, 0x0000000087500000|  0%| F|  |TAMS 0x0000000087400000, 0x0000000087400000| Untracked 
| 117|0x0000000087500000, 0x0000000087500000, 0x0000000087600000|  0%| F|  |TAMS 0x0000000087500000, 0x0000000087500000| Untracked 
| 118|0x0000000087600000, 0x0000000087600000, 0x0000000087700000|  0%| F|  |TAMS 0x0000000087600000, 0x0000000087600000| Untracked 
| 119|0x0000000087700000, 0x0000000087700000, 0x0000000087800000|  0%| F|  |TAMS 0x0000000087700000, 0x0000000087700000| Untracked 
| 120|0x0000000087800000, 0x0000000087800000, 0x0000000087900000|  0%| F|  |TAMS 0x0000000087800000, 0x0000000087800000| Untracked 
| 121|0x0000000087900000, 0x0000000087900000, 0x0000000087a00000|  0%| F|  |TAMS 0x0000000087900000, 0x0000000087900000| Untracked 
| 122|0x0000000087a00000, 0x0000000087a00000, 0x0000000087b00000|  0%| F|  |TAMS 0x0000000087a00000, 0x0000000087a00000| Untracked 
| 123|0x0000000087b00000, 0x0000000087b00000, 0x0000000087c00000|  0%| F|  |TAMS 0x0000000087b00000, 0x0000000087b00000| Untracked 
| 124|0x0000000087c00000, 0x0000000087c00000, 0x0000000087d00000|  0%| F|  |TAMS 0x0000000087c00000, 0x0000000087c00000| Untracked 
| 125|0x0000000087d00000, 0x0000000087d00000, 0x0000000087e00000|  0%| F|  |TAMS 0x0000000087d00000, 0x0000000087d00000| Untracked 
| 126|0x0000000087e00000, 0x0000000087e00000, 0x0000000087f00000|  0%| F|  |TAMS 0x0000000087e00000, 0x0000000087e00000| Untracked 
| 127|0x0000000087f00000, 0x0000000087f00000, 0x0000000088000000|  0%| F|  |TAMS 0x0000000087f00000, 0x0000000087f00000| Untracked 
| 128|0x0000000088000000, 0x0000000088000000, 0x0000000088100000|  0%| F|  |TAMS 0x0000000088000000, 0x0000000088000000| Untracked 
| 129|0x0000000088100000, 0x0000000088100000, 0x0000000088200000|  0%| F|  |TAMS 0x0000000088100000, 0x0000000088100000| Untracked 
| 130|0x0000000088200000, 0x0000000088200000, 0x0000000088300000|  0%| F|  |TAMS 0x0000000088200000, 0x0000000088200000| Untracked 
| 131|0x0000000088300000, 0x0000000088300000, 0x0000000088400000|  0%| F|  |TAMS 0x0000000088300000, 0x0000000088300000| Untracked 
| 132|0x0000000088400000, 0x0000000088400000, 0x0000000088500000|  0%| F|  |TAMS 0x0000000088400000, 0x0000000088400000| Untracked 
| 133|0x0000000088500000, 0x0000000088500000, 0x0000000088600000|  0%| F|  |TAMS 0x0000000088500000, 0x0000000088500000| Untracked 
| 134|0x0000000088600000, 0x0000000088600000, 0x0000000088700000|  0%| F|  |TAMS 0x0000000088600000, 0x0000000088600000| Untracked 
| 135|0x0000000088700000, 0x0000000088700000, 0x0000000088800000|  0%| F|  |TAMS 0x0000000088700000, 0x0000000088700000| Untracked 
| 136|0x0000000088800000, 0x0000000088800000, 0x0000000088900000|  0%| F|  |TAMS 0x0000000088800000, 0x0000000088800000| Untracked 
| 137|0x0000000088900000, 0x0000000088900000, 0x0000000088a00000|  0%| F|  |TAMS 0x0000000088900000, 0x0000000088900000| Untracked 
| 138|0x0000000088a00000, 0x0000000088a00000, 0x0000000088b00000|  0%| F|  |TAMS 0x0000000088a00000, 0x0000000088a00000| Untracked 
| 139|0x0000000088b00000, 0x0000000088b00000, 0x0000000088c00000|  0%| F|  |TAMS 0x0000000088b00000, 0x0000000088b00000| Untracked 
| 140|0x0000000088c00000, 0x0000000088c187f8, 0x0000000088d00000|  9%| S|CS|TAMS 0x0000000088c00000, 0x0000000088c00000| Complete 
| 141|0x0000000088d00000, 0x0000000088e00000, 0x0000000088e00000|100%| S|CS|TAMS 0x0000000088d00000, 0x0000000088d00000| Complete 
| 142|0x0000000088e00000, 0x0000000088f00000, 0x0000000088f00000|100%| S|CS|TAMS 0x0000000088e00000, 0x0000000088e00000| Complete 
| 143|0x0000000088f00000, 0x0000000088f00000, 0x0000000089000000|  0%| F|  |TAMS 0x0000000088f00000, 0x0000000088f00000| Untracked 
| 144|0x0000000089000000, 0x0000000089000000, 0x0000000089100000|  0%| F|  |TAMS 0x0000000089000000, 0x0000000089000000| Untracked 
| 145|0x0000000089100000, 0x0000000089100000, 0x0000000089200000|  0%| F|  |TAMS 0x0000000089100000, 0x0000000089100000| Untracked 
| 146|0x0000000089200000, 0x0000000089200000, 0x0000000089300000|  0%| F|  |TAMS 0x0000000089200000, 0x0000000089200000| Untracked 
| 147|0x0000000089300000, 0x0000000089300000, 0x0000000089400000|  0%| F|  |TAMS 0x0000000089300000, 0x0000000089300000| Untracked 
| 148|0x0000000089400000, 0x0000000089400000, 0x0000000089500000|  0%| F|  |TAMS 0x0000000089400000, 0x0000000089400000| Untracked 
| 149|0x0000000089500000, 0x0000000089500000, 0x0000000089600000|  0%| F|  |TAMS 0x0000000089500000, 0x0000000089500000| Untracked 
| 150|0x0000000089600000, 0x0000000089600000, 0x0000000089700000|  0%| F|  |TAMS 0x0000000089600000, 0x0000000089600000| Untracked 
| 151|0x0000000089700000, 0x0000000089700000, 0x0000000089800000|  0%| F|  |TAMS 0x0000000089700000, 0x0000000089700000| Untracked 
| 152|0x0000000089800000, 0x0000000089800000, 0x0000000089900000|  0%| F|  |TAMS 0x0000000089800000, 0x0000000089800000| Untracked 
| 153|0x0000000089900000, 0x0000000089900000, 0x0000000089a00000|  0%| F|  |TAMS 0x0000000089900000, 0x0000000089900000| Untracked 
| 154|0x0000000089a00000, 0x0000000089a00000, 0x0000000089b00000|  0%| F|  |TAMS 0x0000000089a00000, 0x0000000089a00000| Untracked 
| 155|0x0000000089b00000, 0x0000000089b00000, 0x0000000089c00000|  0%| F|  |TAMS 0x0000000089b00000, 0x0000000089b00000| Untracked 
| 156|0x0000000089c00000, 0x0000000089c00000, 0x0000000089d00000|  0%| F|  |TAMS 0x0000000089c00000, 0x0000000089c00000| Untracked 
| 157|0x0000000089d00000, 0x0000000089d00000, 0x0000000089e00000|  0%| F|  |TAMS 0x0000000089d00000, 0x0000000089d00000| Untracked 
| 158|0x0000000089e00000, 0x0000000089e00000, 0x0000000089f00000|  0%| F|  |TAMS 0x0000000089e00000, 0x0000000089e00000| Untracked 
| 159|0x0000000089f00000, 0x0000000089f00000, 0x000000008a000000|  0%| F|  |TAMS 0x0000000089f00000, 0x0000000089f00000| Untracked 
| 160|0x000000008a000000, 0x000000008a000000, 0x000000008a100000|  0%| F|  |TAMS 0x000000008a000000, 0x000000008a000000| Untracked 
| 161|0x000000008a100000, 0x000000008a100000, 0x000000008a200000|  0%| F|  |TAMS 0x000000008a100000, 0x000000008a100000| Untracked 
| 162|0x000000008a200000, 0x000000008a200000, 0x000000008a300000|  0%| F|  |TAMS 0x000000008a200000, 0x000000008a200000| Untracked 
| 163|0x000000008a300000, 0x000000008a300000, 0x000000008a400000|  0%| F|  |TAMS 0x000000008a300000, 0x000000008a300000| Untracked 
| 164|0x000000008a400000, 0x000000008a400000, 0x000000008a500000|  0%| F|  |TAMS 0x000000008a400000, 0x000000008a400000| Untracked 
| 165|0x000000008a500000, 0x000000008a500000, 0x000000008a600000|  0%| F|  |TAMS 0x000000008a500000, 0x000000008a500000| Untracked 
| 166|0x000000008a600000, 0x000000008a600000, 0x000000008a700000|  0%| F|  |TAMS 0x000000008a600000, 0x000000008a600000| Untracked 
| 167|0x000000008a700000, 0x000000008a700000, 0x000000008a800000|  0%| F|  |TAMS 0x000000008a700000, 0x000000008a700000| Untracked 
| 168|0x000000008a800000, 0x000000008a800000, 0x000000008a900000|  0%| F|  |TAMS 0x000000008a800000, 0x000000008a800000| Untracked 
| 169|0x000000008a900000, 0x000000008a900000, 0x000000008aa00000|  0%| F|  |TAMS 0x000000008a900000, 0x000000008a900000| Untracked 
| 170|0x000000008aa00000, 0x000000008aa00000, 0x000000008ab00000|  0%| F|  |TAMS 0x000000008aa00000, 0x000000008aa00000| Untracked 
| 171|0x000000008ab00000, 0x000000008ab00000, 0x000000008ac00000|  0%| F|  |TAMS 0x000000008ab00000, 0x000000008ab00000| Untracked 
| 172|0x000000008ac00000, 0x000000008ac00000, 0x000000008ad00000|  0%| F|  |TAMS 0x000000008ac00000, 0x000000008ac00000| Untracked 
| 173|0x000000008ad00000, 0x000000008ad00000, 0x000000008ae00000|  0%| F|  |TAMS 0x000000008ad00000, 0x000000008ad00000| Untracked 
| 174|0x000000008ae00000, 0x000000008ae00000, 0x000000008af00000|  0%| F|  |TAMS 0x000000008ae00000, 0x000000008ae00000| Untracked 
| 175|0x000000008af00000, 0x000000008af00000, 0x000000008b000000|  0%| F|  |TAMS 0x000000008af00000, 0x000000008af00000| Untracked 
| 176|0x000000008b000000, 0x000000008b000000, 0x000000008b100000|  0%| F|  |TAMS 0x000000008b000000, 0x000000008b000000| Untracked 
| 177|0x000000008b100000, 0x000000008b100000, 0x000000008b200000|  0%| F|  |TAMS 0x000000008b100000, 0x000000008b100000| Untracked 
| 178|0x000000008b200000, 0x000000008b200000, 0x000000008b300000|  0%| F|  |TAMS 0x000000008b200000, 0x000000008b200000| Untracked 
| 179|0x000000008b300000, 0x000000008b300000, 0x000000008b400000|  0%| F|  |TAMS 0x000000008b300000, 0x000000008b300000| Untracked 
| 180|0x000000008b400000, 0x000000008b400000, 0x000000008b500000|  0%| F|  |TAMS 0x000000008b400000, 0x000000008b400000| Untracked 
| 181|0x000000008b500000, 0x000000008b500000, 0x000000008b600000|  0%| F|  |TAMS 0x000000008b500000, 0x000000008b500000| Untracked 
| 182|0x000000008b600000, 0x000000008b600000, 0x000000008b700000|  0%| F|  |TAMS 0x000000008b600000, 0x000000008b600000| Untracked 

Card table byte_map: [0x000001a696060000,0x000001a696460000] _byte_map_base: 0x000001a695c60000

Marking Bits (Prev, Next): (CMBitMap*) 0x000001a682c2de28, (CMBitMap*) 0x000001a682c2de60
 Prev Bits: [0x000001a696860000, 0x000001a698860000)
 Next Bits: [0x000001a698860000, 0x000001a69a860000)

Polling page: 0x000001a680bb0000

Metaspace:

Usage:
  Non-class:     56.53 MB capacity,    55.33 MB ( 98%) used,     1.03 MB (  2%) free+waste,   185.06 KB ( <1%) overhead. 
      Class:      8.78 MB capacity,     8.08 MB ( 92%) used,   625.96 KB (  7%) free+waste,    89.13 KB ( <1%) overhead. 
       Both:     65.32 MB capacity,    63.41 MB ( 97%) used,     1.64 MB (  3%) free+waste,   274.19 KB ( <1%) overhead. 

Virtual space:
  Non-class space:       58.00 MB reserved,      56.58 MB ( 98%) committed 
      Class space:        1.00 GB reserved,       8.88 MB ( <1%) committed 
             Both:        1.06 GB reserved,      65.45 MB (  6%) committed 

Chunk freelists:
   Non-Class:  45.00 KB
       Class:  31.00 KB
        Both:  76.00 KB

MaxMetaspaceSize: 17179869184.00 GB
CompressedClassSpaceSize: 1.00 GB
Initial GC threshold: 20.80 MB
Current GC threshold: 104.92 MB
CDS: off

CodeHeap 'non-profiled nmethods': size=120000Kb used=2771Kb max_used=2771Kb free=117229Kb
 bounds [0x000001a68e1d0000, 0x000001a68e490000, 0x000001a695700000]
CodeHeap 'profiled nmethods': size=120000Kb used=12770Kb max_used=12770Kb free=107229Kb
 bounds [0x000001a686ca0000, 0x000001a687920000, 0x000001a68e1d0000]
CodeHeap 'non-nmethods': size=5760Kb used=2358Kb max_used=2389Kb free=3401Kb
 bounds [0x000001a686700000, 0x000001a686970000, 0x000001a686ca0000]
 total_blobs=7436 nmethods=6571 adapters=777
 compilation: enabled
              stopped_count=0, restarted_count=0
 full_count=0

Compilation events (20 events):
Event: 4.510 Thread 0x000001a69dd72000 6661       3       org.gradle.internal.instantiation.generator.AsmBackedClassGenerator$ClassBuilderImpl::access$6100 (4 bytes)
Event: 4.510 Thread 0x000001a69dd72000 nmethod 6661 0x000001a687912f90 code [0x000001a687913140, 0x000001a687913238]
Event: 4.510 Thread 0x000001a69dd72000 6662       1       org.gradle.internal.instantiation.generator.AsmBackedClassGenerator$ClassBuilderImpl::access$6400 (5 bytes)
Event: 4.510 Thread 0x000001a69dd72000 nmethod 6662 0x000001a68e484910 code [0x000001a68e484ac0, 0x000001a68e484b58]
Event: 4.510 Thread 0x000001a69dd72000 6663       3       org.gradle.model.internal.asm.MethodVisitorScope::_NEW (12 bytes)
Event: 4.510 Thread 0x000001a69dd72000 nmethod 6663 0x000001a687913310 code [0x000001a687913500, 0x000001a687913838]
Event: 4.510 Thread 0x000001a69dd72000 6664       3       org.objectweb.asm.SymbolTable::hash (12 bytes)
Event: 4.510 Thread 0x000001a69dd72000 nmethod 6664 0x000001a687913990 code [0x000001a687913b40, 0x000001a687913c68]
Event: 4.513 Thread 0x000001a69dd72000 6665       3       com.sun.beans.util.Cache$Kind$Soft::isStale (14 bytes)
Event: 4.513 Thread 0x000001a69dd72000 nmethod 6665 0x000001a687913d90 code [0x000001a687913f60, 0x000001a687914258]
Event: 4.513 Thread 0x000001a69dd72000 6666 %     3       java.lang.PublicMethods::toArray @ 25 (76 bytes)
Event: 4.513 Thread 0x000001a69dd72000 nmethod 6666% 0x000001a687914310 code [0x000001a687914540, 0x000001a687914e38]
Event: 4.514 Thread 0x000001a69dd72000 6667       3       groovy.lang.MetaClassImpl$$Lambda$421/0x0000000100550840::apply (12 bytes)
Event: 4.514 Thread 0x000001a69dd72000 nmethod 6667 0x000001a687915110 code [0x000001a687915320, 0x000001a687915718]
Event: 4.514 Thread 0x000001a69dd72000 6668       3       groovy.lang.MetaClassImpl::lambda$getPropName$5 (27 bytes)
Event: 4.514 Thread 0x000001a69dd72000 nmethod 6668 0x000001a687915890 code [0x000001a687915a80, 0x000001a687915cf8]
Event: 4.514 Thread 0x000001a69dd72000 6669       3       org.apache.groovy.util.BeanUtils::decapitalize (68 bytes)
Event: 4.515 Thread 0x000001a69dd72000 nmethod 6669 0x000001a687915e90 code [0x000001a687916280, 0x000001a687917d68]
Event: 4.515 Thread 0x000001a69dd72000 6670       3       java.beans.WeakIdentityMap::getIndex (7 bytes)
Event: 4.515 Thread 0x000001a69dd72000 nmethod 6670 0x000001a687918690 code [0x000001a687918840, 0x000001a687918938]

GC Heap History (20 events):
Event: 1.760 GC heap after
{Heap after GC invocations=6 (full 0):
 garbage-first heap   total 129024K, used 39330K [0x0000000080000000, 0x0000000100000000)
  region size 1024K, 8 young (8192K), 8 survivors (8192K)
 Metaspace       used 30909K, capacity 31863K, committed 32048K, reserved 1077248K
  class space    used 4135K, capacity 4476K, committed 4480K, reserved 1048576K
}
Event: 2.001 GC heap before
{Heap before GC invocations=6 (full 0):
 garbage-first heap   total 129024K, used 70050K [0x0000000080000000, 0x0000000100000000)
  region size 1024K, 39 young (39936K), 8 survivors (8192K)
 Metaspace       used 34764K, capacity 35866K, committed 35920K, reserved 1081344K
  class space    used 4680K, capacity 5085K, committed 5120K, reserved 1048576K
}
Event: 2.010 GC heap after
{Heap after GC invocations=7 (full 0):
 garbage-first heap   total 155648K, used 41338K [0x0000000080000000, 0x0000000100000000)
  region size 1024K, 2 young (2048K), 2 survivors (2048K)
 Metaspace       used 34764K, capacity 35866K, committed 35920K, reserved 1081344K
  class space    used 4680K, capacity 5085K, committed 5120K, reserved 1048576K
}
Event: 2.434 GC heap before
{Heap before GC invocations=8 (full 0):
 garbage-first heap   total 155648K, used 105850K [0x0000000080000000, 0x0000000100000000)
  region size 1024K, 62 young (63488K), 2 survivors (2048K)
 Metaspace       used 42225K, capacity 43385K, committed 43600K, reserved 1087488K
  class space    used 5373K, capacity 5795K, committed 5888K, reserved 1048576K
}
Event: 2.438 GC heap after
{Heap after GC invocations=9 (full 0):
 garbage-first heap   total 155648K, used 46278K [0x0000000080000000, 0x0000000100000000)
  region size 1024K, 7 young (7168K), 7 survivors (7168K)
 Metaspace       used 42225K, capacity 43385K, committed 43600K, reserved 1087488K
  class space    used 5373K, capacity 5795K, committed 5888K, reserved 1048576K
}
Event: 2.785 GC heap before
{Heap before GC invocations=9 (full 0):
 garbage-first heap   total 155648K, used 128198K [0x0000000080000000, 0x0000000100000000)
  region size 1024K, 67 young (68608K), 7 survivors (7168K)
 Metaspace       used 46515K, capacity 47782K, committed 47952K, reserved 1091584K
  class space    used 5859K, capacity 6358K, committed 6400K, reserved 1048576K
}
Event: 2.790 GC heap after
{Heap after GC invocations=10 (full 0):
 garbage-first heap   total 155648K, used 71418K [0x0000000080000000, 0x0000000100000000)
  region size 1024K, 6 young (6144K), 6 survivors (6144K)
 Metaspace       used 46515K, capacity 47782K, committed 47952K, reserved 1091584K
  class space    used 5859K, capacity 6358K, committed 6400K, reserved 1048576K
}
Event: 2.984 GC heap before
{Heap before GC invocations=10 (full 0):
 garbage-first heap   total 155648K, used 113402K [0x0000000080000000, 0x0000000100000000)
  region size 1024K, 48 young (49152K), 6 survivors (6144K)
 Metaspace       used 48277K, capacity 49781K, committed 49872K, reserved 1093632K
  class space    used 6155K, capacity 6702K, committed 6784K, reserved 1048576K
}
Event: 2.990 GC heap after
{Heap after GC invocations=11 (full 0):
 garbage-first heap   total 155648K, used 74391K [0x0000000080000000, 0x0000000100000000)
  region size 1024K, 3 young (3072K), 3 survivors (3072K)
 Metaspace       used 48277K, capacity 49781K, committed 49872K, reserved 1093632K
  class space    used 6155K, capacity 6702K, committed 6784K, reserved 1048576K
}
Event: 3.323 GC heap before
{Heap before GC invocations=12 (full 0):
 garbage-first heap   total 155648K, used 127639K [0x0000000080000000, 0x0000000100000000)
  region size 1024K, 50 young (51200K), 3 survivors (3072K)
 Metaspace       used 51324K, capacity 52931K, committed 53200K, reserved 1095680K
  class space    used 6617K, capacity 7217K, committed 7296K, reserved 1048576K
}
Event: 3.328 GC heap after
{Heap after GC invocations=13 (full 0):
 garbage-first heap   total 187392K, used 82701K [0x0000000080000000, 0x0000000100000000)
  region size 1024K, 7 young (7168K), 7 survivors (7168K)
 Metaspace       used 51324K, capacity 52931K, committed 53200K, reserved 1095680K
  class space    used 6617K, capacity 7217K, committed 7296K, reserved 1048576K
}
Event: 3.612 GC heap before
{Heap before GC invocations=13 (full 0):
 garbage-first heap   total 187392K, used 131853K [0x0000000080000000, 0x0000000100000000)
  region size 1024K, 49 young (50176K), 7 survivors (7168K)
 Metaspace       used 52462K, capacity 54144K, committed 54352K, reserved 1095680K
  class space    used 6735K, capacity 7336K, committed 7424K, reserved 1048576K
}
Event: 3.618 GC heap after
{Heap after GC invocations=14 (full 0):
 garbage-first heap   total 187392K, used 96692K [0x0000000080000000, 0x0000000100000000)
  region size 1024K, 9 young (9216K), 9 survivors (9216K)
 Metaspace       used 52462K, capacity 54144K, committed 54352K, reserved 1095680K
  class space    used 6735K, capacity 7336K, committed 7424K, reserved 1048576K
}
Event: 4.024 GC heap before
{Heap before GC invocations=15 (full 0):
 garbage-first heap   total 187392K, used 148916K [0x0000000080000000, 0x0000000100000000)
  region size 1024K, 59 young (60416K), 9 survivors (9216K)
 Metaspace       used 58566K, capacity 60438K, committed 60496K, reserved 1101824K
  class space    used 7484K, capacity 8175K, committed 8192K, reserved 1048576K
}
Event: 4.030 GC heap after
{Heap after GC invocations=16 (full 0):
 garbage-first heap   total 187392K, used 99928K [0x0000000080000000, 0x0000000100000000)
  region size 1024K, 4 young (4096K), 4 survivors (4096K)
 Metaspace       used 58566K, capacity 60438K, committed 60496K, reserved 1101824K
  class space    used 7484K, capacity 8175K, committed 8192K, reserved 1048576K
}
Event: 4.239 GC heap before
{Heap before GC invocations=16 (full 0):
 garbage-first heap   total 187392K, used 121432K [0x0000000080000000, 0x0000000100000000)
  region size 1024K, 26 young (26624K), 4 survivors (4096K)
 Metaspace       used 62330K, capacity 64325K, committed 64464K, reserved 1105920K
  class space    used 7960K, capacity 8708K, committed 8832K, reserved 1048576K
}
Event: 4.243 GC heap after
{Heap after GC invocations=17 (full 0):
 garbage-first heap   total 187392K, used 102140K [0x0000000080000000, 0x0000000100000000)
  region size 1024K, 6 young (6144K), 6 survivors (6144K)
 Metaspace       used 62330K, capacity 64325K, committed 64464K, reserved 1105920K
  class space    used 7960K, capacity 8708K, committed 8832K, reserved 1048576K
}
Event: 4.287 GC heap before
{Heap before GC invocations=18 (full 0):
 garbage-first heap   total 187392K, used 116476K [0x0000000080000000, 0x0000000100000000)
  region size 1024K, 16 young (16384K), 6 survivors (6144K)
 Metaspace       used 62307K, capacity 64283K, committed 64464K, reserved 1105920K
  class space    used 7952K, capacity 8693K, committed 8832K, reserved 1048576K
}
Event: 4.292 GC heap after
{Heap after GC invocations=19 (full 0):
 garbage-first heap   total 187392K, used 108741K [0x0000000080000000, 0x0000000100000000)
  region size 1024K, 6 young (6144K), 6 survivors (6144K)
 Metaspace       used 62307K, capacity 64283K, committed 64464K, reserved 1105920K
  class space    used 7952K, capacity 8693K, committed 8832K, reserved 1048576K
}
Event: 4.515 GC heap before
{Heap before GC invocations=20 (full 0):
 garbage-first heap   total 187392K, used 145605K [0x0000000080000000, 0x0000000100000000)
  region size 1024K, 40 young (40960K), 6 survivors (6144K)
 Metaspace       used 64933K, capacity 66884K, committed 67024K, reserved 1107968K
  class space    used 8277K, capacity 8993K, committed 9088K, reserved 1048576K
}

Deoptimization events (20 events):
Event: 4.328 Thread 0x000001a6a02f7000 DEOPT PACKING pc=0x000001a687833357 sp=0x0000004ab5ff2440
Event: 4.328 Thread 0x000001a6a02f7000 DEOPT UNPACKING pc=0x000001a686749d0e sp=0x0000004ab5ff1898 mode 0
Event: 4.328 Thread 0x000001a6a02f7000 DEOPT PACKING pc=0x000001a687833357 sp=0x0000004ab5ff2440
Event: 4.328 Thread 0x000001a6a02f7000 DEOPT UNPACKING pc=0x000001a686749d0e sp=0x0000004ab5ff1898 mode 0
Event: 4.328 Thread 0x000001a6a02f7000 DEOPT PACKING pc=0x000001a687833357 sp=0x0000004ab5ff2440
Event: 4.328 Thread 0x000001a6a02f7000 DEOPT UNPACKING pc=0x000001a686749d0e sp=0x0000004ab5ff1898 mode 0
Event: 4.328 Thread 0x000001a6a02f7000 DEOPT PACKING pc=0x000001a687833357 sp=0x0000004ab5ff2440
Event: 4.328 Thread 0x000001a6a02f7000 DEOPT UNPACKING pc=0x000001a686749d0e sp=0x0000004ab5ff1898 mode 0
Event: 4.329 Thread 0x000001a6a02f7000 DEOPT PACKING pc=0x000001a687833357 sp=0x0000004ab5ff2440
Event: 4.329 Thread 0x000001a6a02f7000 DEOPT UNPACKING pc=0x000001a686749d0e sp=0x0000004ab5ff1898 mode 0
Event: 4.329 Thread 0x000001a6a02f7000 DEOPT PACKING pc=0x000001a687833357 sp=0x0000004ab5ff2440
Event: 4.329 Thread 0x000001a6a02f7000 DEOPT UNPACKING pc=0x000001a686749d0e sp=0x0000004ab5ff1898 mode 0
Event: 4.329 Thread 0x000001a6a02f7000 DEOPT PACKING pc=0x000001a687833357 sp=0x0000004ab5ff2440
Event: 4.329 Thread 0x000001a6a02f7000 DEOPT UNPACKING pc=0x000001a686749d0e sp=0x0000004ab5ff1898 mode 0
Event: 4.329 Thread 0x000001a6a02f7000 DEOPT PACKING pc=0x000001a687833357 sp=0x0000004ab5ff2440
Event: 4.329 Thread 0x000001a6a02f7000 DEOPT UNPACKING pc=0x000001a686749d0e sp=0x0000004ab5ff1898 mode 0
Event: 4.329 Thread 0x000001a6a02f7000 DEOPT PACKING pc=0x000001a687833357 sp=0x0000004ab5ff2440
Event: 4.329 Thread 0x000001a6a02f7000 DEOPT UNPACKING pc=0x000001a686749d0e sp=0x0000004ab5ff1898 mode 0
Event: 4.332 Thread 0x000001a6a02f7000 DEOPT PACKING pc=0x000001a687833357 sp=0x0000004ab5ff26a0
Event: 4.332 Thread 0x000001a6a02f7000 DEOPT UNPACKING pc=0x000001a686749d0e sp=0x0000004ab5ff1af8 mode 0

Classes redefined (0 events):
No events

Internal exceptions (20 events):
Event: 3.877 Thread 0x000001a6a02f7000 Exception <a 'java/lang/NoSuchMethodError'{0x000000008989d3b0}: 'int java.lang.invoke.DirectMethodHandle$Holder.invokeInterface(java.lang.Object, java.lang.Object, java.lang.Object, java.lang.Object)'> (0x000000008989d3b0) thrown at [src/hotspot/share/interpreter/linkResolver.cpp, line 773]
Event: 4.010 Thread 0x000001a6a02f7000 Exception <a 'java/lang/NoSuchMethodError'{0x0000000087ec5370}: 'java.lang.Object java.lang.invoke.DirectMethodHandle$Holder.invokeSpecial(java.lang.Object, java.lang.Object, int, int, int, java.lang.Object, java.lang.Object, java.lang.Object, java.lang.Object)'> (0x0000000087ec5370) thrown at [src/hotspot/share/interpreter/linkResolver.cpp, line 773]
Event: 4.010 Thread 0x000001a6a02f7000 Exception <a 'java/lang/NoSuchMethodError'{0x0000000087ec9dc0}: 'java.lang.Object java.lang.invoke.DelegatingMethodHandle$Holder.reinvoke_L(java.lang.Object, int, int, int, java.lang.Object, java.lang.Object, java.lang.Object, java.lang.Object)'> (0x0000000087ec9dc0) thrown at [src/hotspot/share/interpreter/linkResolver.cpp, line 773]
Event: 4.010 Thread 0x000001a6a02f7000 Exception <a 'java/lang/NoSuchMethodError'{0x0000000087ed2718}: 'java.lang.Object java.lang.invoke.DirectMethodHandle$Holder.invokeStatic(java.lang.Object, java.lang.Object, java.lang.Object, java.lang.Object, java.lang.Object, int)'> (0x0000000087ed2718) thrown at [src/hotspot/share/interpreter/linkResolver.cpp, line 773]
Event: 4.071 Thread 0x000001a6a02f7000 Exception <a 'java/lang/NoSuchMethodError'{0x000000008b031800}: 'java.lang.Object java.lang.invoke.DirectMethodHandle$Holder.invokeSpecial(java.lang.Object, java.lang.Object, int, int, java.lang.Object, java.lang.Object, java.lang.Object)'> (0x000000008b031800) thrown at [src/hotspot/share/interpreter/linkResolver.cpp, line 773]
Event: 4.071 Thread 0x000001a6a02f7000 Exception <a 'java/lang/NoSuchMethodError'{0x000000008b036578}: 'java.lang.Object java.lang.invoke.DelegatingMethodHandle$Holder.reinvoke_L(java.lang.Object, int, int, java.lang.Object, java.lang.Object, java.lang.Object)'> (0x000000008b036578) thrown at [src/hotspot/share/interpreter/linkResolver.cpp, line 773]
Event: 4.072 Thread 0x000001a6a02f7000 Exception <a 'java/lang/NoSuchMethodError'{0x000000008b04d178}: 'java.lang.Object java.lang.invoke.DirectMethodHandle$Holder.invokeStatic(java.lang.Object, java.lang.Object, java.lang.Object, java.lang.Object, int, int)'> (0x000000008b04d178) thrown at [src/hotspot/share/interpreter/linkResolver.cpp, line 773]
Event: 4.072 Thread 0x000001a6a02f7000 Exception <a 'java/lang/NoSuchMethodError'{0x000000008b063a98}: 'java.lang.Object java.lang.invoke.DirectMethodHandle$Holder.invokeStatic(java.lang.Object, java.lang.Object, java.lang.Object, java.lang.Object, int, int, java.lang.Object)'> (0x000000008b063a98) thrown at [src/hotspot/share/interpreter/linkResolver.cpp, line 773]
Event: 4.073 Thread 0x000001a6a02f7000 Exception <a 'java/lang/NoSuchMethodError'{0x000000008b07bd30}: 'java.lang.Object java.lang.invoke.DirectMethodHandle$Holder.invokeStatic(java.lang.Object, java.lang.Object, java.lang.Object, java.lang.Object, int, int, java.lang.Object, java.lang.Object)'> (0x000000008b07bd30) thrown at [src/hotspot/share/interpreter/linkResolver.cpp, line 773]
Event: 4.073 Thread 0x000001a6a02f7000 Exception <a 'java/lang/NoSuchMethodError'{0x000000008b0959a8}: 'java.lang.Object java.lang.invoke.DirectMethodHandle$Holder.invokeStatic(java.lang.Object, java.lang.Object, java.lang.Object, java.lang.Object, int, int, java.lang.Object, java.lang.Object, java.lang.Object)'> (0x000000008b0959a8) thrown at [src/hotspot/share/interpreter/linkResolver.cpp, line 773]
Event: 4.096 Thread 0x000001a6a02f7000 Exception <a 'java/lang/IncompatibleClassChangeError'{0x000000008afbf990}: Found class java.lang.Object, but interface was expected> (0x000000008afbf990) thrown at [src/hotspot/share/interpreter/linkResolver.cpp, line 839]
Event: 4.121 Thread 0x000001a6a02f7000 Implicit null exception at 0x000001a68e3d1354 to 0x000001a68e3d14d0
Event: 4.170 Thread 0x000001a6a02f7000 Implicit null exception at 0x000001a68e3f06ab to 0x000001a68e3f0834
Event: 4.351 Thread 0x000001a6a02f7000 Exception <a 'sun/nio/fs/WindowsException'{0x000000008b28fdf0}> (0x000000008b28fdf0) thrown at [src/hotspot/share/prims/jni.cpp, line 617]
Event: 4.512 Thread 0x000001a6a02f7000 Exception <a 'java/lang/ClassNotFoundException'{0x000000008902ef98}: org/gradle/api/plugins/internal/DefaultBasePluginConventionBeanInfo> (0x000000008902ef98) thrown at [src/hotspot/share/classfile/systemDictionary.cpp, line 230]
Event: 4.512 Thread 0x000001a6a02f7000 Exception <a 'java/lang/ClassNotFoundException'{0x0000000089075080}: org/gradle/api/plugins/BasePluginConventionBeanInfo> (0x0000000089075080) thrown at [src/hotspot/share/classfile/systemDictionary.cpp, line 230]
Event: 4.513 Thread 0x000001a6a02f7000 Exception <a 'java/lang/ClassNotFoundException'{0x00000000890bb620}: org/gradle/api/plugins/BasePluginConventionCustomizer> (0x00000000890bb620) thrown at [src/hotspot/share/classfile/systemDictionary.cpp, line 230]
Event: 4.513 Thread 0x000001a6a02f7000 Exception <a 'java/lang/ClassNotFoundException'{0x0000000088f14878}: org/gradle/api/plugins/internal/DefaultBasePluginConventionCustomizer> (0x0000000088f14878) thrown at [src/hotspot/share/classfile/systemDictionary.cpp, line 230]
Event: 4.515 Thread 0x000001a6a02f7000 Exception <a 'java/lang/ClassNotFoundException'{0x0000000088fa1420}: org/gradle/api/plugins/internal/DefaultJavaPluginConventionBeanInfo> (0x0000000088fa1420) thrown at [src/hotspot/share/classfile/systemDictionary.cpp, line 230]
Event: 4.515 Thread 0x000001a6a02f7000 Exception <a 'java/lang/ClassNotFoundException'{0x0000000088fe7508}: org/gradle/api/plugins/JavaPluginConventionBeanInfo> (0x0000000088fe7508) thrown at [src/hotspot/share/classfile/systemDictionary.cpp, line 230]

Events (20 events):
Event: 4.514 loading class groovy/runtime/metaclass/org/gradle/api/plugins/internal/DefaultJavaPluginConventionMetaClass done
Event: 4.514 loading class org/gradle/api/plugins/internal/DefaultJavaPluginConventionBeanInfo
Event: 4.514 loading class org/gradle/api/plugins/internal/DefaultJavaPluginConventionBeanInfo done
Event: 4.514 loading class org/gradle/api/plugins/internal/DefaultJavaPluginConventionBeanInfo
Event: 4.514 loading class org/gradle/api/plugins/internal/DefaultJavaPluginConventionBeanInfo done
Event: 4.514 loading class org/gradle/api/plugins/internal/DefaultJavaPluginConventionBeanInfo
Event: 4.514 loading class org/gradle/api/plugins/internal/DefaultJavaPluginConventionBeanInfo done
Event: 4.515 loading class org/gradle/api/plugins/internal/DefaultJavaPluginConventionBeanInfo
Event: 4.515 loading class org/gradle/api/plugins/internal/DefaultJavaPluginConventionBeanInfo done
Event: 4.515 loading class org/gradle/api/plugins/JavaPluginConventionBeanInfo
Event: 4.515 loading class org/gradle/api/plugins/JavaPluginConventionBeanInfo done
Event: 4.515 loading class org/gradle/api/plugins/JavaPluginConventionBeanInfo
Event: 4.515 loading class org/gradle/api/plugins/JavaPluginConventionBeanInfo done
Event: 4.515 loading class org/gradle/api/plugins/JavaPluginConventionBeanInfo
Event: 4.515 loading class org/gradle/api/plugins/JavaPluginConventionBeanInfo done
Event: 4.515 loading class org/gradle/api/plugins/JavaPluginConventionBeanInfo
Event: 4.515 loading class org/gradle/api/plugins/JavaPluginConventionBeanInfo done
Event: 4.515 loading class org/gradle/api/plugins/JavaPluginConventionCustomizer
Event: 4.515 loading class org/gradle/api/plugins/JavaPluginConventionCustomizer done
Event: 4.515 Executing VM operation: G1CollectForAllocation


Dynamic libraries:
0x00007ff62d360000 - 0x00007ff62d36a000 	C:\Program Files\Android\Android Studio\jbr\bin\java.exe
0x00007fff2efa0000 - 0x00007fff2f190000 	C:\Windows\SYSTEM32\ntdll.dll
0x00007fff2eb30000 - 0x00007fff2ebe2000 	C:\Windows\System32\KERNEL32.DLL
0x00007fff2c280000 - 0x00007fff2c525000 	C:\Windows\System32\KERNELBASE.dll
0x00007fff2cf50000 - 0x00007fff2d04a000 	C:\Windows\System32\ucrtbase.dll
0x00007fff28b60000 - 0x00007fff28b77000 	C:\Program Files\Android\Android Studio\jbr\bin\jli.dll
0x00007fff28b80000 - 0x00007fff28b9b000 	C:\Program Files\Android\Android Studio\jbr\bin\VCRUNTIME140.dll
0x00007fff2e030000 - 0x00007fff2e1c5000 	C:\Windows\System32\USER32.dll
0x00007fff2c0d0000 - 0x00007fff2c0f1000 	C:\Windows\System32\win32u.dll
0x00007fff21760000 - 0x00007fff219e4000 	C:\Windows\WinSxS\amd64_microsoft.windows.common-controls_6595b64144ccf1df_6.0.18362.1082_none_9e8193e1e45b25c1\COMCTL32.dll
0x00007fff2ddf0000 - 0x00007fff2de16000 	C:\Windows\System32\GDI32.dll
0x00007fff2bf30000 - 0x00007fff2c0c6000 	C:\Windows\System32\gdi32full.dll
0x00007fff2c100000 - 0x00007fff2c19e000 	C:\Windows\System32\msvcp_win.dll
0x00007fff2e1d0000 - 0x00007fff2e26e000 	C:\Windows\System32\msvcrt.dll
0x00007fff2ebf0000 - 0x00007fff2ef25000 	C:\Windows\System32\combase.dll
0x00007fff2dcd0000 - 0x00007fff2ddf0000 	C:\Windows\System32\RPCRT4.dll
0x00007fff2cd80000 - 0x00007fff2ce00000 	C:\Windows\System32\bcryptPrimitives.dll
0x00007fff2ef30000 - 0x00007fff2ef5e000 	C:\Windows\System32\IMM32.DLL
0x00007fff28b50000 - 0x00007fff28b5c000 	C:\Program Files\Android\Android Studio\jbr\bin\vcruntime140_1.dll
0x00007fff28aa0000 - 0x00007fff28b2d000 	C:\Program Files\Android\Android Studio\jbr\bin\msvcp140.dll
0x00007ffef5310000 - 0x00007ffef5ecc000 	C:\Program Files\Android\Android Studio\jbr\bin\server\jvm.dll
0x00007fff2d050000 - 0x00007fff2d0f3000 	C:\Windows\System32\ADVAPI32.dll
0x00007fff2d720000 - 0x00007fff2d7b7000 	C:\Windows\System32\sechost.dll
0x00007fff2e270000 - 0x00007fff2e278000 	C:\Windows\System32\PSAPI.DLL
0x00007fff27390000 - 0x00007fff27399000 	C:\Windows\SYSTEM32\WSOCK32.dll
0x00007fff21ae0000 - 0x00007fff21b04000 	C:\Windows\SYSTEM32\WINMM.dll
0x00007fff27f10000 - 0x00007fff27f1a000 	C:\Windows\SYSTEM32\VERSION.dll
0x00007fff2eac0000 - 0x00007fff2eb2f000 	C:\Windows\System32\WS2_32.dll
0x00007fff21ab0000 - 0x00007fff21add000 	C:\Windows\SYSTEM32\WINMMBASE.dll
0x00007fff2cd30000 - 0x00007fff2cd7a000 	C:\Windows\System32\cfgmgr32.dll
0x00007fff2bee0000 - 0x00007fff2bef1000 	C:\Windows\System32\kernel.appcore.dll
0x00007fff27320000 - 0x00007fff27330000 	C:\Program Files\Android\Android Studio\jbr\bin\verify.dll
0x00007fff21080000 - 0x00007fff21274000 	C:\Windows\SYSTEM32\DBGHELP.DLL
0x00007fff1fe20000 - 0x00007fff1fe4a000 	C:\Windows\SYSTEM32\dbgcore.DLL
0x00007fff25b60000 - 0x00007fff25b88000 	C:\Program Files\Android\Android Studio\jbr\bin\java.dll
0x00007fff268d0000 - 0x00007fff268da000 	C:\Program Files\Android\Android Studio\jbr\bin\jimage.dll
0x00007fff244e0000 - 0x00007fff244f8000 	C:\Program Files\Android\Android Studio\jbr\bin\zip.dll
0x00007fff2e300000 - 0x00007fff2e9e7000 	C:\Windows\System32\SHELL32.dll
0x00007fff2d370000 - 0x00007fff2d419000 	C:\Windows\System32\shcore.dll
0x00007fff2c590000 - 0x00007fff2cd10000 	C:\Windows\System32\windows.storage.dll
0x00007fff2bf00000 - 0x00007fff2bf23000 	C:\Windows\System32\profapi.dll
0x00007fff2be70000 - 0x00007fff2beba000 	C:\Windows\System32\powrprof.dll
0x00007fff2be60000 - 0x00007fff2be70000 	C:\Windows\System32\UMPDC.dll
0x00007fff2d4a0000 - 0x00007fff2d4f2000 	C:\Windows\System32\shlwapi.dll
0x00007fff2cd10000 - 0x00007fff2cd27000 	C:\Windows\System32\cryptsp.dll
0x00007fff244c0000 - 0x00007fff244d9000 	C:\Program Files\Android\Android Studio\jbr\bin\net.dll
0x00007fff27c90000 - 0x00007fff27d80000 	C:\Windows\SYSTEM32\WINHTTP.dll
0x00007fff15ee0000 - 0x00007fff15ef3000 	C:\Program Files (x86)\Hongda\nonifslsp64.dll
0x00007fff15e00000 - 0x00007fff15ed4000 	C:\Windows\SYSTEM32\MSVCR110.dll
0x00007fff15d50000 - 0x00007fff15df7000 	C:\Windows\SYSTEM32\MSVCP110.dll
0x00007fff2b6b0000 - 0x00007fff2b717000 	C:\Windows\system32\mswsock.dll
0x00007fff24310000 - 0x00007fff24323000 	C:\Program Files\Android\Android Studio\jbr\bin\nio.dll
0x00007fff28ba0000 - 0x00007fff28bc7000 	C:\Users\Administrator\.gradle\native\e1d6ef7f7dcc3fd88c89a11ec53ec762bb8ba0a96d01ffa2cd45eb1d1d8dd5c5\windows-amd64\native-platform.dll
0x00007fff17700000 - 0x00007fff17844000 	C:\Users\Administrator\.gradle\native\0d407fdbe67a94daf76414ababcb853783967236a71b16ec16e742cd7a986fd3\windows-amd64\native-platform-file-events.dll
0x00007fff25b50000 - 0x00007fff25b5a000 	C:\Program Files\Android\Android Studio\jbr\bin\management.dll
0x00007fff24300000 - 0x00007fff2430b000 	C:\Program Files\Android\Android Studio\jbr\bin\management_ext.dll
0x00007fff2b220000 - 0x00007fff2b253000 	C:\Windows\system32\rsaenh.dll
0x00007fff2c1a0000 - 0x00007fff2c1c6000 	C:\Windows\System32\bcrypt.dll
0x00007fff2bd80000 - 0x00007fff2bda5000 	C:\Windows\SYSTEM32\USERENV.dll
0x00007fff2b880000 - 0x00007fff2b88c000 	C:\Windows\SYSTEM32\CRYPTBASE.dll
0x00007fff2b3c0000 - 0x00007fff2b3fa000 	C:\Windows\SYSTEM32\IPHLPAPI.DLL
0x00007fff2dcc0000 - 0x00007fff2dcc8000 	C:\Windows\System32\NSI.dll
0x00007fff27300000 - 0x00007fff27316000 	C:\Windows\SYSTEM32\dhcpcsvc6.DLL
0x00007fff27aa0000 - 0x00007fff27abc000 	C:\Windows\SYSTEM32\dhcpcsvc.DLL
0x00007fff2b400000 - 0x00007fff2b4cb000 	C:\Windows\SYSTEM32\DNSAPI.dll

dbghelp: loaded successfully - version: 4.0.5 - missing functions: none
symbol engine: initialized successfully - sym options: 0x614 - pdb path: .;C:\Program Files\Android\Android Studio\jbr\bin;C:\Windows\SYSTEM32;C:\Windows\WinSxS\amd64_microsoft.windows.common-controls_6595b64144ccf1df_6.0.18362.1082_none_9e8193e1e45b25c1;C:\Program Files\Android\Android Studio\jbr\bin\server;C:\Program Files (x86)\Hongda;C:\Users\Administrator\.gradle\native\e1d6ef7f7dcc3fd88c89a11ec53ec762bb8ba0a96d01ffa2cd45eb1d1d8dd5c5\windows-amd64;C:\Users\Administrator\.gradle\native\0d407fdbe67a94daf76414ababcb853783967236a71b16ec16e742cd7a986fd3\windows-amd64

VM Arguments:
jvm_args: --add-opens=java.base/java.util=ALL-UNNAMED --add-opens=java.base/java.lang=ALL-UNNAMED --add-opens=java.base/java.lang.invoke=ALL-UNNAMED --add-opens=java.base/java.util=ALL-UNNAMED --add-opens=java.prefs/java.util.prefs=ALL-UNNAMED --add-opens=java.prefs/java.util.prefs=ALL-UNNAMED --add-opens=java.base/java.nio.charset=ALL-UNNAMED --add-opens=java.base/java.net=ALL-UNNAMED --add-opens=java.base/java.util.concurrent.atomic=ALL-UNNAMED -Xmx2048m -Dfile.encoding=UTF-8 -Duser.country=CN -Duser.language=zh -Duser.variant 
java_command: org.gradle.launcher.daemon.bootstrap.GradleDaemon 7.5
java_class_path (initial): C:\Users\Administrator\.gradle\wrapper\dists\gradle-7.5-bin\f1w0cc9nuo0eivz97x2xlu9sv\gradle-7.5\lib\gradle-launcher-7.5.jar
Launcher Type: SUN_STANDARD

[Global flags]
     intx CICompilerCount                          = 4                                         {product} {ergonomic}
     uint ConcGCThreads                            = 3                                         {product} {ergonomic}
     uint G1ConcRefinementThreads                  = 10                                        {product} {ergonomic}
   size_t G1HeapRegionSize                         = 1048576                                   {product} {ergonomic}
    uintx GCDrainStackTargetSize                   = 64                                        {product} {ergonomic}
   size_t InitialHeapSize                          = 132120576                                 {product} {ergonomic}
   size_t MarkStackSize                            = 4194304                                   {product} {ergonomic}
   size_t MaxHeapSize                              = 2147483648                                {product} {command line}
   size_t MaxNewSize                               = 1287651328                                {product} {ergonomic}
   size_t MinHeapDeltaBytes                        = 1048576                                   {product} {ergonomic}
    uintx NonNMethodCodeHeapSize                   = 5836300                                {pd product} {ergonomic}
    uintx NonProfiledCodeHeapSize                  = 122910970                              {pd product} {ergonomic}
    uintx ProfiledCodeHeapSize                     = 122910970                              {pd product} {ergonomic}
    uintx ReservedCodeCacheSize                    = 251658240                              {pd product} {ergonomic}
     bool SegmentedCodeCache                       = true                                      {product} {ergonomic}
     bool UseCompressedClassPointers               = true                                 {lp64_product} {ergonomic}
     bool UseCompressedOops                        = true                                 {lp64_product} {ergonomic}
     bool UseG1GC                                  = true                                      {product} {ergonomic}
     bool UseLargePagesIndividualAllocation        = false                                  {pd product} {ergonomic}

Logging:
Log output configuration:
 #0: stdout all=warning uptime,level,tags
 #1: stderr all=off uptime,level,tags

Environment Variables:
PATH=C:\Program Files\Python39\Scripts\;C:\Program Files\Python39\;C:\Program Files (x86)\Python37-32\Scripts\;C:\Program Files (x86)\Python37-32\;C:\Windows\system32;C:\Windows;C:\Windows\System32\Wbem;C:\Windows\System32\WindowsPowerShell\v1.0\;C:\Windows\System32\OpenSSH\;C:\Program Files\MATLAB\MATLAB Production Server\R2015a\runtime\win64;C:\Program Files\MATLAB\MATLAB Production Server\R2015a\bin;C:\Program Files\MATLAB\MATLAB Production Server\R2015a\polyspace\bin;C:\Program Files\Git\cmd;C:\Users\Administrator\AppData\Local\Microsoft\WindowsApps;;C:\Microsoft VS Code\bin
USERNAME=Administrator
OS=Windows_NT
PROCESSOR_IDENTIFIER=Intel64 Family 6 Model 167 Stepping 1, GenuineIntel



---------------  S Y S T E M  ---------------

OS: Windows 10 , 64 bit Build 18362 (10.0.18362.1082)
OS uptime: 0 days 1:17 hours

CPU:total 12 (initial active 12) (6 cores per cpu, 2 threads per core) family 6 model 167 stepping 1 microcode 0x1c, cmov, cx8, fxsr, mmx, sse, sse2, sse3, ssse3, sse4.1, sse4.2, popcnt, avx, avx2, aes, clmul, erms, 3dnowpref, lzcnt, ht, tsc, tscinvbit, bmi1, bmi2, adx, evex, sha, fma

Memory: 4k page, system-wide physical 7992M (236M free)
TotalPageFile size 12088M (AvailPageFile size 32M)
current process WorkingSet (physical memory assigned to process): 387M, peak: 387M
current process commit charge ("private bytes"): 431M, peak: 468M

vm_info: OpenJDK 64-Bit Server VM (11.0.15+0-b2043.56-9505619) for windows-amd64 JRE (11.0.15+0-b2043.56-9505619), built on Jan 19 2023 02:48:00 by "builduser" with unknown MS VC++:1929

END.
